2015-05-07 16:12:25 Notice: Notice (8): Undefined variable: activities in [/home/raphaelvmiollo/projetosFaculdade/vaco/src/Template/Activities/listar.ctp, line 22]
Trace:
Cake\Error\BaseErrorHandler::handleError() - CORE/src/Error/BaseErrorHandler.php, line 138
include - APP/Template/Activities/listar.ctp, line 22
Cake\View\View::_evaluate() - CORE/src/View/View.php, line 815
Cake\View\View::_render() - CORE/src/View/View.php, line 775
Cake\View\View::render() - CORE/src/View/View.php, line 463
Cake\Controller\Controller::render() - CORE/src/Controller/Controller.php, line 583
Cake\Routing\Dispatcher::_invoke() - CORE/src/Routing/Dispatcher.php, line 120
Cake\Routing\Dispatcher::dispatch() - CORE/src/Routing/Dispatcher.php, line 87
[main] - ROOT/webroot/index.php, line 37



2015-05-07 16:12:25 Notice: Notice (8): Undefined index: pageCount in [/home/raphaelvmiollo/projetosFaculdade/vaco/vendor/cakephp/cakephp/src/View/Helper/PaginatorHelper.php, line 625]
Trace:
Cake\Error\BaseErrorHandler::handleError() - CORE/src/Error/BaseErrorHandler.php, line 138
Cake\View\Helper\PaginatorHelper::numbers() - CORE/src/View/Helper/PaginatorHelper.php, line 625
include - APP/Template/Activities/listar.ctp, line 44
Cake\View\View::_evaluate() - CORE/src/View/View.php, line 815
Cake\View\View::_render() - CORE/src/View/View.php, line 775
Cake\View\View::render() - CORE/src/View/View.php, line 463
Cake\Controller\Controller::render() - CORE/src/Controller/Controller.php, line 583
Cake\Routing\Dispatcher::_invoke() - CORE/src/Routing/Dispatcher.php, line 120
Cake\Routing\Dispatcher::dispatch() - CORE/src/Routing/Dispatcher.php, line 87
[main] - ROOT/webroot/index.php, line 37



2015-05-07 16:12:25 Notice: Notice (8): Undefined index: pageCount in [/home/raphaelvmiollo/projetosFaculdade/vaco/vendor/cakephp/cakephp/src/View/Helper/PaginatorHelper.php, line 548]
Trace:
Cake\Error\BaseErrorHandler::handleError() - CORE/src/Error/BaseErrorHandler.php, line 138
Cake\View\Helper\PaginatorHelper::counter() - CORE/src/View/Helper/PaginatorHelper.php, line 548
include - APP/Template/Activities/listar.ctp, line 47
Cake\View\View::_evaluate() - CORE/src/View/View.php, line 815
Cake\View\View::_render() - CORE/src/View/View.php, line 775
Cake\View\View::render() - CORE/src/View/View.php, line 463
Cake\Controller\Controller::render() - CORE/src/Controller/Controller.php, line 583
Cake\Routing\Dispatcher::_invoke() - CORE/src/Routing/Dispatcher.php, line 120
Cake\Routing\Dispatcher::dispatch() - CORE/src/Routing/Dispatcher.php, line 87
[main] - ROOT/webroot/index.php, line 37



2015-05-07 16:12:25 Notice: Notice (8): Undefined index: count in [/home/raphaelvmiollo/projetosFaculdade/vaco/vendor/cakephp/cakephp/src/View/Helper/PaginatorHelper.php, line 552]
Trace:
Cake\Error\BaseErrorHandler::handleError() - CORE/src/Error/BaseErrorHandler.php, line 138
Cake\View\Helper\PaginatorHelper::counter() - CORE/src/View/Helper/PaginatorHelper.php, line 552
include - APP/Template/Activities/listar.ctp, line 47
Cake\View\View::_evaluate() - CORE/src/View/View.php, line 815
Cake\View\View::_render() - CORE/src/View/View.php, line 775
Cake\View\View::render() - CORE/src/View/View.php, line 463
Cake\Controller\Controller::render() - CORE/src/Controller/Controller.php, line 583
Cake\Routing\Dispatcher::_invoke() - CORE/src/Routing/Dispatcher.php, line 120
Cake\Routing\Dispatcher::dispatch() - CORE/src/Routing/Dispatcher.php, line 87
[main] - ROOT/webroot/index.php, line 37



2015-05-07 16:12:25 Notice: Notice (8): Undefined index: perPage in [/home/raphaelvmiollo/projetosFaculdade/vaco/vendor/cakephp/cakephp/src/View/Helper/PaginatorHelper.php, line 555]
Trace:
Cake\Error\BaseErrorHandler::handleError() - CORE/src/Error/BaseErrorHandler.php, line 138
Cake\View\Helper\PaginatorHelper::counter() - CORE/src/View/Helper/PaginatorHelper.php, line 555
include - APP/Template/Activities/listar.ctp, line 47
Cake\View\View::_evaluate() - CORE/src/View/View.php, line 815
Cake\View\View::_render() - CORE/src/View/View.php, line 775
Cake\View\View::render() - CORE/src/View/View.php, line 463
Cake\Controller\Controller::render() - CORE/src/Controller/Controller.php, line 583
Cake\Routing\Dispatcher::_invoke() - CORE/src/Routing/Dispatcher.php, line 120
Cake\Routing\Dispatcher::dispatch() - CORE/src/Routing/Dispatcher.php, line 87
[main] - ROOT/webroot/index.php, line 37



2015-05-07 16:12:25 Notice: Notice (8): Undefined index: count in [/home/raphaelvmiollo/projetosFaculdade/vaco/vendor/cakephp/cakephp/src/View/Helper/PaginatorHelper.php, line 556]
Trace:
Cake\Error\BaseErrorHandler::handleError() - CORE/src/Error/BaseErrorHandler.php, line 138
Cake\View\Helper\PaginatorHelper::counter() - CORE/src/View/Helper/PaginatorHelper.php, line 556
include - APP/Template/Activities/listar.ctp, line 47
Cake\View\View::_evaluate() - CORE/src/View/View.php, line 815
Cake\View\View::_render() - CORE/src/View/View.php, line 775
Cake\View\View::render() - CORE/src/View/View.php, line 463
Cake\Controller\Controller::render() - CORE/src/Controller/Controller.php, line 583
Cake\Routing\Dispatcher::_invoke() - CORE/src/Routing/Dispatcher.php, line 120
Cake\Routing\Dispatcher::dispatch() - CORE/src/Routing/Dispatcher.php, line 87
[main] - ROOT/webroot/index.php, line 37



2015-05-07 16:12:25 Notice: Notice (8): Undefined index: count in [/home/raphaelvmiollo/projetosFaculdade/vaco/vendor/cakephp/cakephp/src/View/Helper/PaginatorHelper.php, line 557]
Trace:
Cake\Error\BaseErrorHandler::handleError() - CORE/src/Error/BaseErrorHandler.php, line 138
Cake\View\Helper\PaginatorHelper::counter() - CORE/src/View/Helper/PaginatorHelper.php, line 557
include - APP/Template/Activities/listar.ctp, line 47
Cake\View\View::_evaluate() - CORE/src/View/View.php, line 815
Cake\View\View::_render() - CORE/src/View/View.php, line 775
Cake\View\View::render() - CORE/src/View/View.php, line 463
Cake\Controller\Controller::render() - CORE/src/Controller/Controller.php, line 583
Cake\Routing\Dispatcher::_invoke() - CORE/src/Routing/Dispatcher.php, line 120
Cake\Routing\Dispatcher::dispatch() - CORE/src/Routing/Dispatcher.php, line 87
[main] - ROOT/webroot/index.php, line 37



2015-05-07 16:12:25 Notice: Notice (8): Undefined index: page in [/home/raphaelvmiollo/projetosFaculdade/vaco/vendor/cakephp/cakephp/src/View/Helper/PaginatorHelper.php, line 570]
Trace:
Cake\Error\BaseErrorHandler::handleError() - CORE/src/Error/BaseErrorHandler.php, line 138
Cake\View\Helper\PaginatorHelper::counter() - CORE/src/View/Helper/PaginatorHelper.php, line 570
include - APP/Template/Activities/listar.ctp, line 47
Cake\View\View::_evaluate() - CORE/src/View/View.php, line 815
Cake\View\View::_render() - CORE/src/View/View.php, line 775
Cake\View\View::render() - CORE/src/View/View.php, line 463
Cake\Controller\Controller::render() - CORE/src/Controller/Controller.php, line 583
Cake\Routing\Dispatcher::_invoke() - CORE/src/Routing/Dispatcher.php, line 120
Cake\Routing\Dispatcher::dispatch() - CORE/src/Routing/Dispatcher.php, line 87
[main] - ROOT/webroot/index.php, line 37



2015-05-07 16:12:25 Notice: Notice (8): Undefined index: current in [/home/raphaelvmiollo/projetosFaculdade/vaco/vendor/cakephp/cakephp/src/View/Helper/PaginatorHelper.php, line 572]
Trace:
Cake\Error\BaseErrorHandler::handleError() - CORE/src/Error/BaseErrorHandler.php, line 138
Cake\View\Helper\PaginatorHelper::counter() - CORE/src/View/Helper/PaginatorHelper.php, line 572
include - APP/Template/Activities/listar.ctp, line 47
Cake\View\View::_evaluate() - CORE/src/View/View.php, line 815
Cake\View\View::_render() - CORE/src/View/View.php, line 775
Cake\View\View::render() - CORE/src/View/View.php, line 463
Cake\Controller\Controller::render() - CORE/src/Controller/Controller.php, line 583
Cake\Routing\Dispatcher::_invoke() - CORE/src/Routing/Dispatcher.php, line 120
Cake\Routing\Dispatcher::dispatch() - CORE/src/Routing/Dispatcher.php, line 87
[main] - ROOT/webroot/index.php, line 37



2015-05-07 16:12:25 Notice: Notice (8): Undefined index: count in [/home/raphaelvmiollo/projetosFaculdade/vaco/vendor/cakephp/cakephp/src/View/Helper/PaginatorHelper.php, line 573]
Trace:
Cake\Error\BaseErrorHandler::handleError() - CORE/src/Error/BaseErrorHandler.php, line 138
Cake\View\Helper\PaginatorHelper::counter() - CORE/src/View/Helper/PaginatorHelper.php, line 573
include - APP/Template/Activities/listar.ctp, line 47
Cake\View\View::_evaluate() - CORE/src/View/View.php, line 815
Cake\View\View::_render() - CORE/src/View/View.php, line 775
Cake\View\View::render() - CORE/src/View/View.php, line 463
Cake\Controller\Controller::render() - CORE/src/Controller/Controller.php, line 583
Cake\Routing\Dispatcher::_invoke() - CORE/src/Routing/Dispatcher.php, line 120
Cake\Routing\Dispatcher::dispatch() - CORE/src/Routing/Dispatcher.php, line 87
[main] - ROOT/webroot/index.php, line 37



2015-05-07 16:13:15 Notice: Notice (8): Undefined variable: activities in [/home/raphaelvmiollo/projetosFaculdade/vaco/src/Template/Activities/listar.ctp, line 27]
Trace:
Cake\Error\BaseErrorHandler::handleError() - CORE/src/Error/BaseErrorHandler.php, line 138
include - APP/Template/Activities/listar.ctp, line 27
Cake\View\View::_evaluate() - CORE/src/View/View.php, line 815
Cake\View\View::_render() - CORE/src/View/View.php, line 775
Cake\View\View::render() - CORE/src/View/View.php, line 463
Cake\Controller\Controller::render() - CORE/src/Controller/Controller.php, line 583
Cake\Routing\Dispatcher::_invoke() - CORE/src/Routing/Dispatcher.php, line 120
Cake\Routing\Dispatcher::dispatch() - CORE/src/Routing/Dispatcher.php, line 87
[main] - ROOT/webroot/index.php, line 37



2015-05-07 16:13:15 Notice: Notice (8): Undefined index: pageCount in [/home/raphaelvmiollo/projetosFaculdade/vaco/vendor/cakephp/cakephp/src/View/Helper/PaginatorHelper.php, line 625]
Trace:
Cake\Error\BaseErrorHandler::handleError() - CORE/src/Error/BaseErrorHandler.php, line 138
Cake\View\Helper\PaginatorHelper::numbers() - CORE/src/View/Helper/PaginatorHelper.php, line 625
include - APP/Template/Activities/listar.ctp, line 49
Cake\View\View::_evaluate() - CORE/src/View/View.php, line 815
Cake\View\View::_render() - CORE/src/View/View.php, line 775
Cake\View\View::render() - CORE/src/View/View.php, line 463
Cake\Controller\Controller::render() - CORE/src/Controller/Controller.php, line 583
Cake\Routing\Dispatcher::_invoke() - CORE/src/Routing/Dispatcher.php, line 120
Cake\Routing\Dispatcher::dispatch() - CORE/src/Routing/Dispatcher.php, line 87
[main] - ROOT/webroot/index.php, line 37



2015-05-07 16:13:15 Notice: Notice (8): Undefined index: pageCount in [/home/raphaelvmiollo/projetosFaculdade/vaco/vendor/cakephp/cakephp/src/View/Helper/PaginatorHelper.php, line 548]
Trace:
Cake\Error\BaseErrorHandler::handleError() - CORE/src/Error/BaseErrorHandler.php, line 138
Cake\View\Helper\PaginatorHelper::counter() - CORE/src/View/Helper/PaginatorHelper.php, line 548
include - APP/Template/Activities/listar.ctp, line 52
Cake\View\View::_evaluate() - CORE/src/View/View.php, line 815
Cake\View\View::_render() - CORE/src/View/View.php, line 775
Cake\View\View::render() - CORE/src/View/View.php, line 463
Cake\Controller\Controller::render() - CORE/src/Controller/Controller.php, line 583
Cake\Routing\Dispatcher::_invoke() - CORE/src/Routing/Dispatcher.php, line 120
Cake\Routing\Dispatcher::dispatch() - CORE/src/Routing/Dispatcher.php, line 87
[main] - ROOT/webroot/index.php, line 37



2015-05-07 16:13:15 Notice: Notice (8): Undefined index: count in [/home/raphaelvmiollo/projetosFaculdade/vaco/vendor/cakephp/cakephp/src/View/Helper/PaginatorHelper.php, line 552]
Trace:
Cake\Error\BaseErrorHandler::handleError() - CORE/src/Error/BaseErrorHandler.php, line 138
Cake\View\Helper\PaginatorHelper::counter() - CORE/src/View/Helper/PaginatorHelper.php, line 552
include - APP/Template/Activities/listar.ctp, line 52
Cake\View\View::_evaluate() - CORE/src/View/View.php, line 815
Cake\View\View::_render() - CORE/src/View/View.php, line 775
Cake\View\View::render() - CORE/src/View/View.php, line 463
Cake\Controller\Controller::render() - CORE/src/Controller/Controller.php, line 583
Cake\Routing\Dispatcher::_invoke() - CORE/src/Routing/Dispatcher.php, line 120
Cake\Routing\Dispatcher::dispatch() - CORE/src/Routing/Dispatcher.php, line 87
[main] - ROOT/webroot/index.php, line 37



2015-05-07 16:13:15 Notice: Notice (8): Undefined index: perPage in [/home/raphaelvmiollo/projetosFaculdade/vaco/vendor/cakephp/cakephp/src/View/Helper/PaginatorHelper.php, line 555]
Trace:
Cake\Error\BaseErrorHandler::handleError() - CORE/src/Error/BaseErrorHandler.php, line 138
Cake\View\Helper\PaginatorHelper::counter() - CORE/src/View/Helper/PaginatorHelper.php, line 555
include - APP/Template/Activities/listar.ctp, line 52
Cake\View\View::_evaluate() - CORE/src/View/View.php, line 815
Cake\View\View::_render() - CORE/src/View/View.php, line 775
Cake\View\View::render() - CORE/src/View/View.php, line 463
Cake\Controller\Controller::render() - CORE/src/Controller/Controller.php, line 583
Cake\Routing\Dispatcher::_invoke() - CORE/src/Routing/Dispatcher.php, line 120
Cake\Routing\Dispatcher::dispatch() - CORE/src/Routing/Dispatcher.php, line 87
[main] - ROOT/webroot/index.php, line 37



2015-05-07 16:13:15 Notice: Notice (8): Undefined index: count in [/home/raphaelvmiollo/projetosFaculdade/vaco/vendor/cakephp/cakephp/src/View/Helper/PaginatorHelper.php, line 556]
Trace:
Cake\Error\BaseErrorHandler::handleError() - CORE/src/Error/BaseErrorHandler.php, line 138
Cake\View\Helper\PaginatorHelper::counter() - CORE/src/View/Helper/PaginatorHelper.php, line 556
include - APP/Template/Activities/listar.ctp, line 52
Cake\View\View::_evaluate() - CORE/src/View/View.php, line 815
Cake\View\View::_render() - CORE/src/View/View.php, line 775
Cake\View\View::render() - CORE/src/View/View.php, line 463
Cake\Controller\Controller::render() - CORE/src/Controller/Controller.php, line 583
Cake\Routing\Dispatcher::_invoke() - CORE/src/Routing/Dispatcher.php, line 120
Cake\Routing\Dispatcher::dispatch() - CORE/src/Routing/Dispatcher.php, line 87
[main] - ROOT/webroot/index.php, line 37



2015-05-07 16:13:15 Notice: Notice (8): Undefined index: count in [/home/raphaelvmiollo/projetosFaculdade/vaco/vendor/cakephp/cakephp/src/View/Helper/PaginatorHelper.php, line 557]
Trace:
Cake\Error\BaseErrorHandler::handleError() - CORE/src/Error/BaseErrorHandler.php, line 138
Cake\View\Helper\PaginatorHelper::counter() - CORE/src/View/Helper/PaginatorHelper.php, line 557
include - APP/Template/Activities/listar.ctp, line 52
Cake\View\View::_evaluate() - CORE/src/View/View.php, line 815
Cake\View\View::_render() - CORE/src/View/View.php, line 775
Cake\View\View::render() - CORE/src/View/View.php, line 463
Cake\Controller\Controller::render() - CORE/src/Controller/Controller.php, line 583
Cake\Routing\Dispatcher::_invoke() - CORE/src/Routing/Dispatcher.php, line 120
Cake\Routing\Dispatcher::dispatch() - CORE/src/Routing/Dispatcher.php, line 87
[main] - ROOT/webroot/index.php, line 37



2015-05-07 16:13:15 Notice: Notice (8): Undefined index: page in [/home/raphaelvmiollo/projetosFaculdade/vaco/vendor/cakephp/cakephp/src/View/Helper/PaginatorHelper.php, line 570]
Trace:
Cake\Error\BaseErrorHandler::handleError() - CORE/src/Error/BaseErrorHandler.php, line 138
Cake\View\Helper\PaginatorHelper::counter() - CORE/src/View/Helper/PaginatorHelper.php, line 570
include - APP/Template/Activities/listar.ctp, line 52
Cake\View\View::_evaluate() - CORE/src/View/View.php, line 815
Cake\View\View::_render() - CORE/src/View/View.php, line 775
Cake\View\View::render() - CORE/src/View/View.php, line 463
Cake\Controller\Controller::render() - CORE/src/Controller/Controller.php, line 583
Cake\Routing\Dispatcher::_invoke() - CORE/src/Routing/Dispatcher.php, line 120
Cake\Routing\Dispatcher::dispatch() - CORE/src/Routing/Dispatcher.php, line 87
[main] - ROOT/webroot/index.php, line 37



2015-05-07 16:13:15 Notice: Notice (8): Undefined index: current in [/home/raphaelvmiollo/projetosFaculdade/vaco/vendor/cakephp/cakephp/src/View/Helper/PaginatorHelper.php, line 572]
Trace:
Cake\Error\BaseErrorHandler::handleError() - CORE/src/Error/BaseErrorHandler.php, line 138
Cake\View\Helper\PaginatorHelper::counter() - CORE/src/View/Helper/PaginatorHelper.php, line 572
include - APP/Template/Activities/listar.ctp, line 52
Cake\View\View::_evaluate() - CORE/src/View/View.php, line 815
Cake\View\View::_render() - CORE/src/View/View.php, line 775
Cake\View\View::render() - CORE/src/View/View.php, line 463
Cake\Controller\Controller::render() - CORE/src/Controller/Controller.php, line 583
Cake\Routing\Dispatcher::_invoke() - CORE/src/Routing/Dispatcher.php, line 120
Cake\Routing\Dispatcher::dispatch() - CORE/src/Routing/Dispatcher.php, line 87
[main] - ROOT/webroot/index.php, line 37



2015-05-07 16:13:15 Notice: Notice (8): Undefined index: count in [/home/raphaelvmiollo/projetosFaculdade/vaco/vendor/cakephp/cakephp/src/View/Helper/PaginatorHelper.php, line 573]
Trace:
Cake\Error\BaseErrorHandler::handleError() - CORE/src/Error/BaseErrorHandler.php, line 138
Cake\View\Helper\PaginatorHelper::counter() - CORE/src/View/Helper/PaginatorHelper.php, line 573
include - APP/Template/Activities/listar.ctp, line 52
Cake\View\View::_evaluate() - CORE/src/View/View.php, line 815
Cake\View\View::_render() - CORE/src/View/View.php, line 775
Cake\View\View::render() - CORE/src/View/View.php, line 463
Cake\Controller\Controller::render() - CORE/src/Controller/Controller.php, line 583
Cake\Routing\Dispatcher::_invoke() - CORE/src/Routing/Dispatcher.php, line 120
Cake\Routing\Dispatcher::dispatch() - CORE/src/Routing/Dispatcher.php, line 87
[main] - ROOT/webroot/index.php, line 37



2015-05-07 16:13:16 Notice: Notice (8): Undefined variable: activities in [/home/raphaelvmiollo/projetosFaculdade/vaco/src/Template/Activities/listar.ctp, line 27]
Trace:
Cake\Error\BaseErrorHandler::handleError() - CORE/src/Error/BaseErrorHandler.php, line 138
include - APP/Template/Activities/listar.ctp, line 27
Cake\View\View::_evaluate() - CORE/src/View/View.php, line 815
Cake\View\View::_render() - CORE/src/View/View.php, line 775
Cake\View\View::render() - CORE/src/View/View.php, line 463
Cake\Controller\Controller::render() - CORE/src/Controller/Controller.php, line 583
Cake\Routing\Dispatcher::_invoke() - CORE/src/Routing/Dispatcher.php, line 120
Cake\Routing\Dispatcher::dispatch() - CORE/src/Routing/Dispatcher.php, line 87
[main] - ROOT/webroot/index.php, line 37



2015-05-07 16:13:16 Notice: Notice (8): Undefined index: pageCount in [/home/raphaelvmiollo/projetosFaculdade/vaco/vendor/cakephp/cakephp/src/View/Helper/PaginatorHelper.php, line 625]
Trace:
Cake\Error\BaseErrorHandler::handleError() - CORE/src/Error/BaseErrorHandler.php, line 138
Cake\View\Helper\PaginatorHelper::numbers() - CORE/src/View/Helper/PaginatorHelper.php, line 625
include - APP/Template/Activities/listar.ctp, line 49
Cake\View\View::_evaluate() - CORE/src/View/View.php, line 815
Cake\View\View::_render() - CORE/src/View/View.php, line 775
Cake\View\View::render() - CORE/src/View/View.php, line 463
Cake\Controller\Controller::render() - CORE/src/Controller/Controller.php, line 583
Cake\Routing\Dispatcher::_invoke() - CORE/src/Routing/Dispatcher.php, line 120
Cake\Routing\Dispatcher::dispatch() - CORE/src/Routing/Dispatcher.php, line 87
[main] - ROOT/webroot/index.php, line 37



2015-05-07 16:13:16 Notice: Notice (8): Undefined index: pageCount in [/home/raphaelvmiollo/projetosFaculdade/vaco/vendor/cakephp/cakephp/src/View/Helper/PaginatorHelper.php, line 548]
Trace:
Cake\Error\BaseErrorHandler::handleError() - CORE/src/Error/BaseErrorHandler.php, line 138
Cake\View\Helper\PaginatorHelper::counter() - CORE/src/View/Helper/PaginatorHelper.php, line 548
include - APP/Template/Activities/listar.ctp, line 52
Cake\View\View::_evaluate() - CORE/src/View/View.php, line 815
Cake\View\View::_render() - CORE/src/View/View.php, line 775
Cake\View\View::render() - CORE/src/View/View.php, line 463
Cake\Controller\Controller::render() - CORE/src/Controller/Controller.php, line 583
Cake\Routing\Dispatcher::_invoke() - CORE/src/Routing/Dispatcher.php, line 120
Cake\Routing\Dispatcher::dispatch() - CORE/src/Routing/Dispatcher.php, line 87
[main] - ROOT/webroot/index.php, line 37



2015-05-07 16:13:16 Notice: Notice (8): Undefined index: count in [/home/raphaelvmiollo/projetosFaculdade/vaco/vendor/cakephp/cakephp/src/View/Helper/PaginatorHelper.php, line 552]
Trace:
Cake\Error\BaseErrorHandler::handleError() - CORE/src/Error/BaseErrorHandler.php, line 138
Cake\View\Helper\PaginatorHelper::counter() - CORE/src/View/Helper/PaginatorHelper.php, line 552
include - APP/Template/Activities/listar.ctp, line 52
Cake\View\View::_evaluate() - CORE/src/View/View.php, line 815
Cake\View\View::_render() - CORE/src/View/View.php, line 775
Cake\View\View::render() - CORE/src/View/View.php, line 463
Cake\Controller\Controller::render() - CORE/src/Controller/Controller.php, line 583
Cake\Routing\Dispatcher::_invoke() - CORE/src/Routing/Dispatcher.php, line 120
Cake\Routing\Dispatcher::dispatch() - CORE/src/Routing/Dispatcher.php, line 87
[main] - ROOT/webroot/index.php, line 37



2015-05-07 16:13:16 Notice: Notice (8): Undefined index: perPage in [/home/raphaelvmiollo/projetosFaculdade/vaco/vendor/cakephp/cakephp/src/View/Helper/PaginatorHelper.php, line 555]
Trace:
Cake\Error\BaseErrorHandler::handleError() - CORE/src/Error/BaseErrorHandler.php, line 138
Cake\View\Helper\PaginatorHelper::counter() - CORE/src/View/Helper/PaginatorHelper.php, line 555
include - APP/Template/Activities/listar.ctp, line 52
Cake\View\View::_evaluate() - CORE/src/View/View.php, line 815
Cake\View\View::_render() - CORE/src/View/View.php, line 775
Cake\View\View::render() - CORE/src/View/View.php, line 463
Cake\Controller\Controller::render() - CORE/src/Controller/Controller.php, line 583
Cake\Routing\Dispatcher::_invoke() - CORE/src/Routing/Dispatcher.php, line 120
Cake\Routing\Dispatcher::dispatch() - CORE/src/Routing/Dispatcher.php, line 87
[main] - ROOT/webroot/index.php, line 37



2015-05-07 16:13:16 Notice: Notice (8): Undefined index: count in [/home/raphaelvmiollo/projetosFaculdade/vaco/vendor/cakephp/cakephp/src/View/Helper/PaginatorHelper.php, line 556]
Trace:
Cake\Error\BaseErrorHandler::handleError() - CORE/src/Error/BaseErrorHandler.php, line 138
Cake\View\Helper\PaginatorHelper::counter() - CORE/src/View/Helper/PaginatorHelper.php, line 556
include - APP/Template/Activities/listar.ctp, line 52
Cake\View\View::_evaluate() - CORE/src/View/View.php, line 815
Cake\View\View::_render() - CORE/src/View/View.php, line 775
Cake\View\View::render() - CORE/src/View/View.php, line 463
Cake\Controller\Controller::render() - CORE/src/Controller/Controller.php, line 583
Cake\Routing\Dispatcher::_invoke() - CORE/src/Routing/Dispatcher.php, line 120
Cake\Routing\Dispatcher::dispatch() - CORE/src/Routing/Dispatcher.php, line 87
[main] - ROOT/webroot/index.php, line 37



2015-05-07 16:13:16 Notice: Notice (8): Undefined index: count in [/home/raphaelvmiollo/projetosFaculdade/vaco/vendor/cakephp/cakephp/src/View/Helper/PaginatorHelper.php, line 557]
Trace:
Cake\Error\BaseErrorHandler::handleError() - CORE/src/Error/BaseErrorHandler.php, line 138
Cake\View\Helper\PaginatorHelper::counter() - CORE/src/View/Helper/PaginatorHelper.php, line 557
include - APP/Template/Activities/listar.ctp, line 52
Cake\View\View::_evaluate() - CORE/src/View/View.php, line 815
Cake\View\View::_render() - CORE/src/View/View.php, line 775
Cake\View\View::render() - CORE/src/View/View.php, line 463
Cake\Controller\Controller::render() - CORE/src/Controller/Controller.php, line 583
Cake\Routing\Dispatcher::_invoke() - CORE/src/Routing/Dispatcher.php, line 120
Cake\Routing\Dispatcher::dispatch() - CORE/src/Routing/Dispatcher.php, line 87
[main] - ROOT/webroot/index.php, line 37



2015-05-07 16:13:16 Notice: Notice (8): Undefined index: page in [/home/raphaelvmiollo/projetosFaculdade/vaco/vendor/cakephp/cakephp/src/View/Helper/PaginatorHelper.php, line 570]
Trace:
Cake\Error\BaseErrorHandler::handleError() - CORE/src/Error/BaseErrorHandler.php, line 138
Cake\View\Helper\PaginatorHelper::counter() - CORE/src/View/Helper/PaginatorHelper.php, line 570
include - APP/Template/Activities/listar.ctp, line 52
Cake\View\View::_evaluate() - CORE/src/View/View.php, line 815
Cake\View\View::_render() - CORE/src/View/View.php, line 775
Cake\View\View::render() - CORE/src/View/View.php, line 463
Cake\Controller\Controller::render() - CORE/src/Controller/Controller.php, line 583
Cake\Routing\Dispatcher::_invoke() - CORE/src/Routing/Dispatcher.php, line 120
Cake\Routing\Dispatcher::dispatch() - CORE/src/Routing/Dispatcher.php, line 87
[main] - ROOT/webroot/index.php, line 37



2015-05-07 16:13:16 Notice: Notice (8): Undefined index: current in [/home/raphaelvmiollo/projetosFaculdade/vaco/vendor/cakephp/cakephp/src/View/Helper/PaginatorHelper.php, line 572]
Trace:
Cake\Error\BaseErrorHandler::handleError() - CORE/src/Error/BaseErrorHandler.php, line 138
Cake\View\Helper\PaginatorHelper::counter() - CORE/src/View/Helper/PaginatorHelper.php, line 572
include - APP/Template/Activities/listar.ctp, line 52
Cake\View\View::_evaluate() - CORE/src/View/View.php, line 815
Cake\View\View::_render() - CORE/src/View/View.php, line 775
Cake\View\View::render() - CORE/src/View/View.php, line 463
Cake\Controller\Controller::render() - CORE/src/Controller/Controller.php, line 583
Cake\Routing\Dispatcher::_invoke() - CORE/src/Routing/Dispatcher.php, line 120
Cake\Routing\Dispatcher::dispatch() - CORE/src/Routing/Dispatcher.php, line 87
[main] - ROOT/webroot/index.php, line 37



2015-05-07 16:13:16 Notice: Notice (8): Undefined index: count in [/home/raphaelvmiollo/projetosFaculdade/vaco/vendor/cakephp/cakephp/src/View/Helper/PaginatorHelper.php, line 573]
Trace:
Cake\Error\BaseErrorHandler::handleError() - CORE/src/Error/BaseErrorHandler.php, line 138
Cake\View\Helper\PaginatorHelper::counter() - CORE/src/View/Helper/PaginatorHelper.php, line 573
include - APP/Template/Activities/listar.ctp, line 52
Cake\View\View::_evaluate() - CORE/src/View/View.php, line 815
Cake\View\View::_render() - CORE/src/View/View.php, line 775
Cake\View\View::render() - CORE/src/View/View.php, line 463
Cake\Controller\Controller::render() - CORE/src/Controller/Controller.php, line 583
Cake\Routing\Dispatcher::_invoke() - CORE/src/Routing/Dispatcher.php, line 120
Cake\Routing\Dispatcher::dispatch() - CORE/src/Routing/Dispatcher.php, line 87
[main] - ROOT/webroot/index.php, line 37



2015-05-07 16:13:17 Notice: Notice (8): Undefined variable: activities in [/home/raphaelvmiollo/projetosFaculdade/vaco/src/Template/Activities/listar.ctp, line 27]
Trace:
Cake\Error\BaseErrorHandler::handleError() - CORE/src/Error/BaseErrorHandler.php, line 138
include - APP/Template/Activities/listar.ctp, line 27
Cake\View\View::_evaluate() - CORE/src/View/View.php, line 815
Cake\View\View::_render() - CORE/src/View/View.php, line 775
Cake\View\View::render() - CORE/src/View/View.php, line 463
Cake\Controller\Controller::render() - CORE/src/Controller/Controller.php, line 583
Cake\Routing\Dispatcher::_invoke() - CORE/src/Routing/Dispatcher.php, line 120
Cake\Routing\Dispatcher::dispatch() - CORE/src/Routing/Dispatcher.php, line 87
[main] - ROOT/webroot/index.php, line 37



2015-05-07 16:13:17 Notice: Notice (8): Undefined index: pageCount in [/home/raphaelvmiollo/projetosFaculdade/vaco/vendor/cakephp/cakephp/src/View/Helper/PaginatorHelper.php, line 625]
Trace:
Cake\Error\BaseErrorHandler::handleError() - CORE/src/Error/BaseErrorHandler.php, line 138
Cake\View\Helper\PaginatorHelper::numbers() - CORE/src/View/Helper/PaginatorHelper.php, line 625
include - APP/Template/Activities/listar.ctp, line 49
Cake\View\View::_evaluate() - CORE/src/View/View.php, line 815
Cake\View\View::_render() - CORE/src/View/View.php, line 775
Cake\View\View::render() - CORE/src/View/View.php, line 463
Cake\Controller\Controller::render() - CORE/src/Controller/Controller.php, line 583
Cake\Routing\Dispatcher::_invoke() - CORE/src/Routing/Dispatcher.php, line 120
Cake\Routing\Dispatcher::dispatch() - CORE/src/Routing/Dispatcher.php, line 87
[main] - ROOT/webroot/index.php, line 37



2015-05-07 16:13:17 Notice: Notice (8): Undefined index: pageCount in [/home/raphaelvmiollo/projetosFaculdade/vaco/vendor/cakephp/cakephp/src/View/Helper/PaginatorHelper.php, line 548]
Trace:
Cake\Error\BaseErrorHandler::handleError() - CORE/src/Error/BaseErrorHandler.php, line 138
Cake\View\Helper\PaginatorHelper::counter() - CORE/src/View/Helper/PaginatorHelper.php, line 548
include - APP/Template/Activities/listar.ctp, line 52
Cake\View\View::_evaluate() - CORE/src/View/View.php, line 815
Cake\View\View::_render() - CORE/src/View/View.php, line 775
Cake\View\View::render() - CORE/src/View/View.php, line 463
Cake\Controller\Controller::render() - CORE/src/Controller/Controller.php, line 583
Cake\Routing\Dispatcher::_invoke() - CORE/src/Routing/Dispatcher.php, line 120
Cake\Routing\Dispatcher::dispatch() - CORE/src/Routing/Dispatcher.php, line 87
[main] - ROOT/webroot/index.php, line 37



2015-05-07 16:13:17 Notice: Notice (8): Undefined index: count in [/home/raphaelvmiollo/projetosFaculdade/vaco/vendor/cakephp/cakephp/src/View/Helper/PaginatorHelper.php, line 552]
Trace:
Cake\Error\BaseErrorHandler::handleError() - CORE/src/Error/BaseErrorHandler.php, line 138
Cake\View\Helper\PaginatorHelper::counter() - CORE/src/View/Helper/PaginatorHelper.php, line 552
include - APP/Template/Activities/listar.ctp, line 52
Cake\View\View::_evaluate() - CORE/src/View/View.php, line 815
Cake\View\View::_render() - CORE/src/View/View.php, line 775
Cake\View\View::render() - CORE/src/View/View.php, line 463
Cake\Controller\Controller::render() - CORE/src/Controller/Controller.php, line 583
Cake\Routing\Dispatcher::_invoke() - CORE/src/Routing/Dispatcher.php, line 120
Cake\Routing\Dispatcher::dispatch() - CORE/src/Routing/Dispatcher.php, line 87
[main] - ROOT/webroot/index.php, line 37



2015-05-07 16:13:17 Notice: Notice (8): Undefined index: perPage in [/home/raphaelvmiollo/projetosFaculdade/vaco/vendor/cakephp/cakephp/src/View/Helper/PaginatorHelper.php, line 555]
Trace:
Cake\Error\BaseErrorHandler::handleError() - CORE/src/Error/BaseErrorHandler.php, line 138
Cake\View\Helper\PaginatorHelper::counter() - CORE/src/View/Helper/PaginatorHelper.php, line 555
include - APP/Template/Activities/listar.ctp, line 52
Cake\View\View::_evaluate() - CORE/src/View/View.php, line 815
Cake\View\View::_render() - CORE/src/View/View.php, line 775
Cake\View\View::render() - CORE/src/View/View.php, line 463
Cake\Controller\Controller::render() - CORE/src/Controller/Controller.php, line 583
Cake\Routing\Dispatcher::_invoke() - CORE/src/Routing/Dispatcher.php, line 120
Cake\Routing\Dispatcher::dispatch() - CORE/src/Routing/Dispatcher.php, line 87
[main] - ROOT/webroot/index.php, line 37



2015-05-07 16:13:17 Notice: Notice (8): Undefined index: count in [/home/raphaelvmiollo/projetosFaculdade/vaco/vendor/cakephp/cakephp/src/View/Helper/PaginatorHelper.php, line 556]
Trace:
Cake\Error\BaseErrorHandler::handleError() - CORE/src/Error/BaseErrorHandler.php, line 138
Cake\View\Helper\PaginatorHelper::counter() - CORE/src/View/Helper/PaginatorHelper.php, line 556
include - APP/Template/Activities/listar.ctp, line 52
Cake\View\View::_evaluate() - CORE/src/View/View.php, line 815
Cake\View\View::_render() - CORE/src/View/View.php, line 775
Cake\View\View::render() - CORE/src/View/View.php, line 463
Cake\Controller\Controller::render() - CORE/src/Controller/Controller.php, line 583
Cake\Routing\Dispatcher::_invoke() - CORE/src/Routing/Dispatcher.php, line 120
Cake\Routing\Dispatcher::dispatch() - CORE/src/Routing/Dispatcher.php, line 87
[main] - ROOT/webroot/index.php, line 37



2015-05-07 16:13:17 Notice: Notice (8): Undefined index: count in [/home/raphaelvmiollo/projetosFaculdade/vaco/vendor/cakephp/cakephp/src/View/Helper/PaginatorHelper.php, line 557]
Trace:
Cake\Error\BaseErrorHandler::handleError() - CORE/src/Error/BaseErrorHandler.php, line 138
Cake\View\Helper\PaginatorHelper::counter() - CORE/src/View/Helper/PaginatorHelper.php, line 557
include - APP/Template/Activities/listar.ctp, line 52
Cake\View\View::_evaluate() - CORE/src/View/View.php, line 815
Cake\View\View::_render() - CORE/src/View/View.php, line 775
Cake\View\View::render() - CORE/src/View/View.php, line 463
Cake\Controller\Controller::render() - CORE/src/Controller/Controller.php, line 583
Cake\Routing\Dispatcher::_invoke() - CORE/src/Routing/Dispatcher.php, line 120
Cake\Routing\Dispatcher::dispatch() - CORE/src/Routing/Dispatcher.php, line 87
[main] - ROOT/webroot/index.php, line 37



2015-05-07 16:13:17 Notice: Notice (8): Undefined index: page in [/home/raphaelvmiollo/projetosFaculdade/vaco/vendor/cakephp/cakephp/src/View/Helper/PaginatorHelper.php, line 570]
Trace:
Cake\Error\BaseErrorHandler::handleError() - CORE/src/Error/BaseErrorHandler.php, line 138
Cake\View\Helper\PaginatorHelper::counter() - CORE/src/View/Helper/PaginatorHelper.php, line 570
include - APP/Template/Activities/listar.ctp, line 52
Cake\View\View::_evaluate() - CORE/src/View/View.php, line 815
Cake\View\View::_render() - CORE/src/View/View.php, line 775
Cake\View\View::render() - CORE/src/View/View.php, line 463
Cake\Controller\Controller::render() - CORE/src/Controller/Controller.php, line 583
Cake\Routing\Dispatcher::_invoke() - CORE/src/Routing/Dispatcher.php, line 120
Cake\Routing\Dispatcher::dispatch() - CORE/src/Routing/Dispatcher.php, line 87
[main] - ROOT/webroot/index.php, line 37



2015-05-07 16:13:17 Notice: Notice (8): Undefined index: current in [/home/raphaelvmiollo/projetosFaculdade/vaco/vendor/cakephp/cakephp/src/View/Helper/PaginatorHelper.php, line 572]
Trace:
Cake\Error\BaseErrorHandler::handleError() - CORE/src/Error/BaseErrorHandler.php, line 138
Cake\View\Helper\PaginatorHelper::counter() - CORE/src/View/Helper/PaginatorHelper.php, line 572
include - APP/Template/Activities/listar.ctp, line 52
Cake\View\View::_evaluate() - CORE/src/View/View.php, line 815
Cake\View\View::_render() - CORE/src/View/View.php, line 775
Cake\View\View::render() - CORE/src/View/View.php, line 463
Cake\Controller\Controller::render() - CORE/src/Controller/Controller.php, line 583
Cake\Routing\Dispatcher::_invoke() - CORE/src/Routing/Dispatcher.php, line 120
Cake\Routing\Dispatcher::dispatch() - CORE/src/Routing/Dispatcher.php, line 87
[main] - ROOT/webroot/index.php, line 37



2015-05-07 16:13:17 Notice: Notice (8): Undefined index: count in [/home/raphaelvmiollo/projetosFaculdade/vaco/vendor/cakephp/cakephp/src/View/Helper/PaginatorHelper.php, line 573]
Trace:
Cake\Error\BaseErrorHandler::handleError() - CORE/src/Error/BaseErrorHandler.php, line 138
Cake\View\Helper\PaginatorHelper::counter() - CORE/src/View/Helper/PaginatorHelper.php, line 573
include - APP/Template/Activities/listar.ctp, line 52
Cake\View\View::_evaluate() - CORE/src/View/View.php, line 815
Cake\View\View::_render() - CORE/src/View/View.php, line 775
Cake\View\View::render() - CORE/src/View/View.php, line 463
Cake\Controller\Controller::render() - CORE/src/Controller/Controller.php, line 583
Cake\Routing\Dispatcher::_invoke() - CORE/src/Routing/Dispatcher.php, line 120
Cake\Routing\Dispatcher::dispatch() - CORE/src/Routing/Dispatcher.php, line 87
[main] - ROOT/webroot/index.php, line 37



2015-05-07 16:13:17 Notice: Notice (8): Undefined variable: activities in [/home/raphaelvmiollo/projetosFaculdade/vaco/src/Template/Activities/listar.ctp, line 27]
Trace:
Cake\Error\BaseErrorHandler::handleError() - CORE/src/Error/BaseErrorHandler.php, line 138
include - APP/Template/Activities/listar.ctp, line 27
Cake\View\View::_evaluate() - CORE/src/View/View.php, line 815
Cake\View\View::_render() - CORE/src/View/View.php, line 775
Cake\View\View::render() - CORE/src/View/View.php, line 463
Cake\Controller\Controller::render() - CORE/src/Controller/Controller.php, line 583
Cake\Routing\Dispatcher::_invoke() - CORE/src/Routing/Dispatcher.php, line 120
Cake\Routing\Dispatcher::dispatch() - CORE/src/Routing/Dispatcher.php, line 87
[main] - ROOT/webroot/index.php, line 37



2015-05-07 16:13:17 Notice: Notice (8): Undefined index: pageCount in [/home/raphaelvmiollo/projetosFaculdade/vaco/vendor/cakephp/cakephp/src/View/Helper/PaginatorHelper.php, line 625]
Trace:
Cake\Error\BaseErrorHandler::handleError() - CORE/src/Error/BaseErrorHandler.php, line 138
Cake\View\Helper\PaginatorHelper::numbers() - CORE/src/View/Helper/PaginatorHelper.php, line 625
include - APP/Template/Activities/listar.ctp, line 49
Cake\View\View::_evaluate() - CORE/src/View/View.php, line 815
Cake\View\View::_render() - CORE/src/View/View.php, line 775
Cake\View\View::render() - CORE/src/View/View.php, line 463
Cake\Controller\Controller::render() - CORE/src/Controller/Controller.php, line 583
Cake\Routing\Dispatcher::_invoke() - CORE/src/Routing/Dispatcher.php, line 120
Cake\Routing\Dispatcher::dispatch() - CORE/src/Routing/Dispatcher.php, line 87
[main] - ROOT/webroot/index.php, line 37



2015-05-07 16:13:17 Notice: Notice (8): Undefined index: pageCount in [/home/raphaelvmiollo/projetosFaculdade/vaco/vendor/cakephp/cakephp/src/View/Helper/PaginatorHelper.php, line 548]
Trace:
Cake\Error\BaseErrorHandler::handleError() - CORE/src/Error/BaseErrorHandler.php, line 138
Cake\View\Helper\PaginatorHelper::counter() - CORE/src/View/Helper/PaginatorHelper.php, line 548
include - APP/Template/Activities/listar.ctp, line 52
Cake\View\View::_evaluate() - CORE/src/View/View.php, line 815
Cake\View\View::_render() - CORE/src/View/View.php, line 775
Cake\View\View::render() - CORE/src/View/View.php, line 463
Cake\Controller\Controller::render() - CORE/src/Controller/Controller.php, line 583
Cake\Routing\Dispatcher::_invoke() - CORE/src/Routing/Dispatcher.php, line 120
Cake\Routing\Dispatcher::dispatch() - CORE/src/Routing/Dispatcher.php, line 87
[main] - ROOT/webroot/index.php, line 37



2015-05-07 16:13:17 Notice: Notice (8): Undefined index: count in [/home/raphaelvmiollo/projetosFaculdade/vaco/vendor/cakephp/cakephp/src/View/Helper/PaginatorHelper.php, line 552]
Trace:
Cake\Error\BaseErrorHandler::handleError() - CORE/src/Error/BaseErrorHandler.php, line 138
Cake\View\Helper\PaginatorHelper::counter() - CORE/src/View/Helper/PaginatorHelper.php, line 552
include - APP/Template/Activities/listar.ctp, line 52
Cake\View\View::_evaluate() - CORE/src/View/View.php, line 815
Cake\View\View::_render() - CORE/src/View/View.php, line 775
Cake\View\View::render() - CORE/src/View/View.php, line 463
Cake\Controller\Controller::render() - CORE/src/Controller/Controller.php, line 583
Cake\Routing\Dispatcher::_invoke() - CORE/src/Routing/Dispatcher.php, line 120
Cake\Routing\Dispatcher::dispatch() - CORE/src/Routing/Dispatcher.php, line 87
[main] - ROOT/webroot/index.php, line 37



2015-05-07 16:13:17 Notice: Notice (8): Undefined index: perPage in [/home/raphaelvmiollo/projetosFaculdade/vaco/vendor/cakephp/cakephp/src/View/Helper/PaginatorHelper.php, line 555]
Trace:
Cake\Error\BaseErrorHandler::handleError() - CORE/src/Error/BaseErrorHandler.php, line 138
Cake\View\Helper\PaginatorHelper::counter() - CORE/src/View/Helper/PaginatorHelper.php, line 555
include - APP/Template/Activities/listar.ctp, line 52
Cake\View\View::_evaluate() - CORE/src/View/View.php, line 815
Cake\View\View::_render() - CORE/src/View/View.php, line 775
Cake\View\View::render() - CORE/src/View/View.php, line 463
Cake\Controller\Controller::render() - CORE/src/Controller/Controller.php, line 583
Cake\Routing\Dispatcher::_invoke() - CORE/src/Routing/Dispatcher.php, line 120
Cake\Routing\Dispatcher::dispatch() - CORE/src/Routing/Dispatcher.php, line 87
[main] - ROOT/webroot/index.php, line 37



2015-05-07 16:13:17 Notice: Notice (8): Undefined index: count in [/home/raphaelvmiollo/projetosFaculdade/vaco/vendor/cakephp/cakephp/src/View/Helper/PaginatorHelper.php, line 556]
Trace:
Cake\Error\BaseErrorHandler::handleError() - CORE/src/Error/BaseErrorHandler.php, line 138
Cake\View\Helper\PaginatorHelper::counter() - CORE/src/View/Helper/PaginatorHelper.php, line 556
include - APP/Template/Activities/listar.ctp, line 52
Cake\View\View::_evaluate() - CORE/src/View/View.php, line 815
Cake\View\View::_render() - CORE/src/View/View.php, line 775
Cake\View\View::render() - CORE/src/View/View.php, line 463
Cake\Controller\Controller::render() - CORE/src/Controller/Controller.php, line 583
Cake\Routing\Dispatcher::_invoke() - CORE/src/Routing/Dispatcher.php, line 120
Cake\Routing\Dispatcher::dispatch() - CORE/src/Routing/Dispatcher.php, line 87
[main] - ROOT/webroot/index.php, line 37



2015-05-07 16:13:17 Notice: Notice (8): Undefined index: count in [/home/raphaelvmiollo/projetosFaculdade/vaco/vendor/cakephp/cakephp/src/View/Helper/PaginatorHelper.php, line 557]
Trace:
Cake\Error\BaseErrorHandler::handleError() - CORE/src/Error/BaseErrorHandler.php, line 138
Cake\View\Helper\PaginatorHelper::counter() - CORE/src/View/Helper/PaginatorHelper.php, line 557
include - APP/Template/Activities/listar.ctp, line 52
Cake\View\View::_evaluate() - CORE/src/View/View.php, line 815
Cake\View\View::_render() - CORE/src/View/View.php, line 775
Cake\View\View::render() - CORE/src/View/View.php, line 463
Cake\Controller\Controller::render() - CORE/src/Controller/Controller.php, line 583
Cake\Routing\Dispatcher::_invoke() - CORE/src/Routing/Dispatcher.php, line 120
Cake\Routing\Dispatcher::dispatch() - CORE/src/Routing/Dispatcher.php, line 87
[main] - ROOT/webroot/index.php, line 37



2015-05-07 16:13:17 Notice: Notice (8): Undefined index: page in [/home/raphaelvmiollo/projetosFaculdade/vaco/vendor/cakephp/cakephp/src/View/Helper/PaginatorHelper.php, line 570]
Trace:
Cake\Error\BaseErrorHandler::handleError() - CORE/src/Error/BaseErrorHandler.php, line 138
Cake\View\Helper\PaginatorHelper::counter() - CORE/src/View/Helper/PaginatorHelper.php, line 570
include - APP/Template/Activities/listar.ctp, line 52
Cake\View\View::_evaluate() - CORE/src/View/View.php, line 815
Cake\View\View::_render() - CORE/src/View/View.php, line 775
Cake\View\View::render() - CORE/src/View/View.php, line 463
Cake\Controller\Controller::render() - CORE/src/Controller/Controller.php, line 583
Cake\Routing\Dispatcher::_invoke() - CORE/src/Routing/Dispatcher.php, line 120
Cake\Routing\Dispatcher::dispatch() - CORE/src/Routing/Dispatcher.php, line 87
[main] - ROOT/webroot/index.php, line 37



2015-05-07 16:13:17 Notice: Notice (8): Undefined index: current in [/home/raphaelvmiollo/projetosFaculdade/vaco/vendor/cakephp/cakephp/src/View/Helper/PaginatorHelper.php, line 572]
Trace:
Cake\Error\BaseErrorHandler::handleError() - CORE/src/Error/BaseErrorHandler.php, line 138
Cake\View\Helper\PaginatorHelper::counter() - CORE/src/View/Helper/PaginatorHelper.php, line 572
include - APP/Template/Activities/listar.ctp, line 52
Cake\View\View::_evaluate() - CORE/src/View/View.php, line 815
Cake\View\View::_render() - CORE/src/View/View.php, line 775
Cake\View\View::render() - CORE/src/View/View.php, line 463
Cake\Controller\Controller::render() - CORE/src/Controller/Controller.php, line 583
Cake\Routing\Dispatcher::_invoke() - CORE/src/Routing/Dispatcher.php, line 120
Cake\Routing\Dispatcher::dispatch() - CORE/src/Routing/Dispatcher.php, line 87
[main] - ROOT/webroot/index.php, line 37



2015-05-07 16:13:17 Notice: Notice (8): Undefined index: count in [/home/raphaelvmiollo/projetosFaculdade/vaco/vendor/cakephp/cakephp/src/View/Helper/PaginatorHelper.php, line 573]
Trace:
Cake\Error\BaseErrorHandler::handleError() - CORE/src/Error/BaseErrorHandler.php, line 138
Cake\View\Helper\PaginatorHelper::counter() - CORE/src/View/Helper/PaginatorHelper.php, line 573
include - APP/Template/Activities/listar.ctp, line 52
Cake\View\View::_evaluate() - CORE/src/View/View.php, line 815
Cake\View\View::_render() - CORE/src/View/View.php, line 775
Cake\View\View::render() - CORE/src/View/View.php, line 463
Cake\Controller\Controller::render() - CORE/src/Controller/Controller.php, line 583
Cake\Routing\Dispatcher::_invoke() - CORE/src/Routing/Dispatcher.php, line 120
Cake\Routing\Dispatcher::dispatch() - CORE/src/Routing/Dispatcher.php, line 87
[main] - ROOT/webroot/index.php, line 37



2015-05-07 16:13:17 Notice: Notice (8): Undefined variable: activities in [/home/raphaelvmiollo/projetosFaculdade/vaco/src/Template/Activities/listar.ctp, line 27]
Trace:
Cake\Error\BaseErrorHandler::handleError() - CORE/src/Error/BaseErrorHandler.php, line 138
include - APP/Template/Activities/listar.ctp, line 27
Cake\View\View::_evaluate() - CORE/src/View/View.php, line 815
Cake\View\View::_render() - CORE/src/View/View.php, line 775
Cake\View\View::render() - CORE/src/View/View.php, line 463
Cake\Controller\Controller::render() - CORE/src/Controller/Controller.php, line 583
Cake\Routing\Dispatcher::_invoke() - CORE/src/Routing/Dispatcher.php, line 120
Cake\Routing\Dispatcher::dispatch() - CORE/src/Routing/Dispatcher.php, line 87
[main] - ROOT/webroot/index.php, line 37



2015-05-07 16:13:17 Notice: Notice (8): Undefined index: pageCount in [/home/raphaelvmiollo/projetosFaculdade/vaco/vendor/cakephp/cakephp/src/View/Helper/PaginatorHelper.php, line 625]
Trace:
Cake\Error\BaseErrorHandler::handleError() - CORE/src/Error/BaseErrorHandler.php, line 138
Cake\View\Helper\PaginatorHelper::numbers() - CORE/src/View/Helper/PaginatorHelper.php, line 625
include - APP/Template/Activities/listar.ctp, line 49
Cake\View\View::_evaluate() - CORE/src/View/View.php, line 815
Cake\View\View::_render() - CORE/src/View/View.php, line 775
Cake\View\View::render() - CORE/src/View/View.php, line 463
Cake\Controller\Controller::render() - CORE/src/Controller/Controller.php, line 583
Cake\Routing\Dispatcher::_invoke() - CORE/src/Routing/Dispatcher.php, line 120
Cake\Routing\Dispatcher::dispatch() - CORE/src/Routing/Dispatcher.php, line 87
[main] - ROOT/webroot/index.php, line 37



2015-05-07 16:13:17 Notice: Notice (8): Undefined index: pageCount in [/home/raphaelvmiollo/projetosFaculdade/vaco/vendor/cakephp/cakephp/src/View/Helper/PaginatorHelper.php, line 548]
Trace:
Cake\Error\BaseErrorHandler::handleError() - CORE/src/Error/BaseErrorHandler.php, line 138
Cake\View\Helper\PaginatorHelper::counter() - CORE/src/View/Helper/PaginatorHelper.php, line 548
include - APP/Template/Activities/listar.ctp, line 52
Cake\View\View::_evaluate() - CORE/src/View/View.php, line 815
Cake\View\View::_render() - CORE/src/View/View.php, line 775
Cake\View\View::render() - CORE/src/View/View.php, line 463
Cake\Controller\Controller::render() - CORE/src/Controller/Controller.php, line 583
Cake\Routing\Dispatcher::_invoke() - CORE/src/Routing/Dispatcher.php, line 120
Cake\Routing\Dispatcher::dispatch() - CORE/src/Routing/Dispatcher.php, line 87
[main] - ROOT/webroot/index.php, line 37



2015-05-07 16:13:17 Notice: Notice (8): Undefined index: count in [/home/raphaelvmiollo/projetosFaculdade/vaco/vendor/cakephp/cakephp/src/View/Helper/PaginatorHelper.php, line 552]
Trace:
Cake\Error\BaseErrorHandler::handleError() - CORE/src/Error/BaseErrorHandler.php, line 138
Cake\View\Helper\PaginatorHelper::counter() - CORE/src/View/Helper/PaginatorHelper.php, line 552
include - APP/Template/Activities/listar.ctp, line 52
Cake\View\View::_evaluate() - CORE/src/View/View.php, line 815
Cake\View\View::_render() - CORE/src/View/View.php, line 775
Cake\View\View::render() - CORE/src/View/View.php, line 463
Cake\Controller\Controller::render() - CORE/src/Controller/Controller.php, line 583
Cake\Routing\Dispatcher::_invoke() - CORE/src/Routing/Dispatcher.php, line 120
Cake\Routing\Dispatcher::dispatch() - CORE/src/Routing/Dispatcher.php, line 87
[main] - ROOT/webroot/index.php, line 37



2015-05-07 16:13:17 Notice: Notice (8): Undefined index: perPage in [/home/raphaelvmiollo/projetosFaculdade/vaco/vendor/cakephp/cakephp/src/View/Helper/PaginatorHelper.php, line 555]
Trace:
Cake\Error\BaseErrorHandler::handleError() - CORE/src/Error/BaseErrorHandler.php, line 138
Cake\View\Helper\PaginatorHelper::counter() - CORE/src/View/Helper/PaginatorHelper.php, line 555
include - APP/Template/Activities/listar.ctp, line 52
Cake\View\View::_evaluate() - CORE/src/View/View.php, line 815
Cake\View\View::_render() - CORE/src/View/View.php, line 775
Cake\View\View::render() - CORE/src/View/View.php, line 463
Cake\Controller\Controller::render() - CORE/src/Controller/Controller.php, line 583
Cake\Routing\Dispatcher::_invoke() - CORE/src/Routing/Dispatcher.php, line 120
Cake\Routing\Dispatcher::dispatch() - CORE/src/Routing/Dispatcher.php, line 87
[main] - ROOT/webroot/index.php, line 37



2015-05-07 16:13:17 Notice: Notice (8): Undefined index: count in [/home/raphaelvmiollo/projetosFaculdade/vaco/vendor/cakephp/cakephp/src/View/Helper/PaginatorHelper.php, line 556]
Trace:
Cake\Error\BaseErrorHandler::handleError() - CORE/src/Error/BaseErrorHandler.php, line 138
Cake\View\Helper\PaginatorHelper::counter() - CORE/src/View/Helper/PaginatorHelper.php, line 556
include - APP/Template/Activities/listar.ctp, line 52
Cake\View\View::_evaluate() - CORE/src/View/View.php, line 815
Cake\View\View::_render() - CORE/src/View/View.php, line 775
Cake\View\View::render() - CORE/src/View/View.php, line 463
Cake\Controller\Controller::render() - CORE/src/Controller/Controller.php, line 583
Cake\Routing\Dispatcher::_invoke() - CORE/src/Routing/Dispatcher.php, line 120
Cake\Routing\Dispatcher::dispatch() - CORE/src/Routing/Dispatcher.php, line 87
[main] - ROOT/webroot/index.php, line 37



2015-05-07 16:13:17 Notice: Notice (8): Undefined index: count in [/home/raphaelvmiollo/projetosFaculdade/vaco/vendor/cakephp/cakephp/src/View/Helper/PaginatorHelper.php, line 557]
Trace:
Cake\Error\BaseErrorHandler::handleError() - CORE/src/Error/BaseErrorHandler.php, line 138
Cake\View\Helper\PaginatorHelper::counter() - CORE/src/View/Helper/PaginatorHelper.php, line 557
include - APP/Template/Activities/listar.ctp, line 52
Cake\View\View::_evaluate() - CORE/src/View/View.php, line 815
Cake\View\View::_render() - CORE/src/View/View.php, line 775
Cake\View\View::render() - CORE/src/View/View.php, line 463
Cake\Controller\Controller::render() - CORE/src/Controller/Controller.php, line 583
Cake\Routing\Dispatcher::_invoke() - CORE/src/Routing/Dispatcher.php, line 120
Cake\Routing\Dispatcher::dispatch() - CORE/src/Routing/Dispatcher.php, line 87
[main] - ROOT/webroot/index.php, line 37



2015-05-07 16:13:17 Notice: Notice (8): Undefined index: page in [/home/raphaelvmiollo/projetosFaculdade/vaco/vendor/cakephp/cakephp/src/View/Helper/PaginatorHelper.php, line 570]
Trace:
Cake\Error\BaseErrorHandler::handleError() - CORE/src/Error/BaseErrorHandler.php, line 138
Cake\View\Helper\PaginatorHelper::counter() - CORE/src/View/Helper/PaginatorHelper.php, line 570
include - APP/Template/Activities/listar.ctp, line 52
Cake\View\View::_evaluate() - CORE/src/View/View.php, line 815
Cake\View\View::_render() - CORE/src/View/View.php, line 775
Cake\View\View::render() - CORE/src/View/View.php, line 463
Cake\Controller\Controller::render() - CORE/src/Controller/Controller.php, line 583
Cake\Routing\Dispatcher::_invoke() - CORE/src/Routing/Dispatcher.php, line 120
Cake\Routing\Dispatcher::dispatch() - CORE/src/Routing/Dispatcher.php, line 87
[main] - ROOT/webroot/index.php, line 37



2015-05-07 16:13:17 Notice: Notice (8): Undefined index: current in [/home/raphaelvmiollo/projetosFaculdade/vaco/vendor/cakephp/cakephp/src/View/Helper/PaginatorHelper.php, line 572]
Trace:
Cake\Error\BaseErrorHandler::handleError() - CORE/src/Error/BaseErrorHandler.php, line 138
Cake\View\Helper\PaginatorHelper::counter() - CORE/src/View/Helper/PaginatorHelper.php, line 572
include - APP/Template/Activities/listar.ctp, line 52
Cake\View\View::_evaluate() - CORE/src/View/View.php, line 815
Cake\View\View::_render() - CORE/src/View/View.php, line 775
Cake\View\View::render() - CORE/src/View/View.php, line 463
Cake\Controller\Controller::render() - CORE/src/Controller/Controller.php, line 583
Cake\Routing\Dispatcher::_invoke() - CORE/src/Routing/Dispatcher.php, line 120
Cake\Routing\Dispatcher::dispatch() - CORE/src/Routing/Dispatcher.php, line 87
[main] - ROOT/webroot/index.php, line 37



2015-05-07 16:13:17 Notice: Notice (8): Undefined index: count in [/home/raphaelvmiollo/projetosFaculdade/vaco/vendor/cakephp/cakephp/src/View/Helper/PaginatorHelper.php, line 573]
Trace:
Cake\Error\BaseErrorHandler::handleError() - CORE/src/Error/BaseErrorHandler.php, line 138
Cake\View\Helper\PaginatorHelper::counter() - CORE/src/View/Helper/PaginatorHelper.php, line 573
include - APP/Template/Activities/listar.ctp, line 52
Cake\View\View::_evaluate() - CORE/src/View/View.php, line 815
Cake\View\View::_render() - CORE/src/View/View.php, line 775
Cake\View\View::render() - CORE/src/View/View.php, line 463
Cake\Controller\Controller::render() - CORE/src/Controller/Controller.php, line 583
Cake\Routing\Dispatcher::_invoke() - CORE/src/Routing/Dispatcher.php, line 120
Cake\Routing\Dispatcher::dispatch() - CORE/src/Routing/Dispatcher.php, line 87
[main] - ROOT/webroot/index.php, line 37



2015-05-07 16:13:18 Notice: Notice (8): Undefined variable: activities in [/home/raphaelvmiollo/projetosFaculdade/vaco/src/Template/Activities/listar.ctp, line 27]
Trace:
Cake\Error\BaseErrorHandler::handleError() - CORE/src/Error/BaseErrorHandler.php, line 138
include - APP/Template/Activities/listar.ctp, line 27
Cake\View\View::_evaluate() - CORE/src/View/View.php, line 815
Cake\View\View::_render() - CORE/src/View/View.php, line 775
Cake\View\View::render() - CORE/src/View/View.php, line 463
Cake\Controller\Controller::render() - CORE/src/Controller/Controller.php, line 583
Cake\Routing\Dispatcher::_invoke() - CORE/src/Routing/Dispatcher.php, line 120
Cake\Routing\Dispatcher::dispatch() - CORE/src/Routing/Dispatcher.php, line 87
[main] - ROOT/webroot/index.php, line 37



2015-05-07 16:13:18 Notice: Notice (8): Undefined index: pageCount in [/home/raphaelvmiollo/projetosFaculdade/vaco/vendor/cakephp/cakephp/src/View/Helper/PaginatorHelper.php, line 625]
Trace:
Cake\Error\BaseErrorHandler::handleError() - CORE/src/Error/BaseErrorHandler.php, line 138
Cake\View\Helper\PaginatorHelper::numbers() - CORE/src/View/Helper/PaginatorHelper.php, line 625
include - APP/Template/Activities/listar.ctp, line 49
Cake\View\View::_evaluate() - CORE/src/View/View.php, line 815
Cake\View\View::_render() - CORE/src/View/View.php, line 775
Cake\View\View::render() - CORE/src/View/View.php, line 463
Cake\Controller\Controller::render() - CORE/src/Controller/Controller.php, line 583
Cake\Routing\Dispatcher::_invoke() - CORE/src/Routing/Dispatcher.php, line 120
Cake\Routing\Dispatcher::dispatch() - CORE/src/Routing/Dispatcher.php, line 87
[main] - ROOT/webroot/index.php, line 37



2015-05-07 16:13:18 Notice: Notice (8): Undefined index: pageCount in [/home/raphaelvmiollo/projetosFaculdade/vaco/vendor/cakephp/cakephp/src/View/Helper/PaginatorHelper.php, line 548]
Trace:
Cake\Error\BaseErrorHandler::handleError() - CORE/src/Error/BaseErrorHandler.php, line 138
Cake\View\Helper\PaginatorHelper::counter() - CORE/src/View/Helper/PaginatorHelper.php, line 548
include - APP/Template/Activities/listar.ctp, line 52
Cake\View\View::_evaluate() - CORE/src/View/View.php, line 815
Cake\View\View::_render() - CORE/src/View/View.php, line 775
Cake\View\View::render() - CORE/src/View/View.php, line 463
Cake\Controller\Controller::render() - CORE/src/Controller/Controller.php, line 583
Cake\Routing\Dispatcher::_invoke() - CORE/src/Routing/Dispatcher.php, line 120
Cake\Routing\Dispatcher::dispatch() - CORE/src/Routing/Dispatcher.php, line 87
[main] - ROOT/webroot/index.php, line 37



2015-05-07 16:13:18 Notice: Notice (8): Undefined index: count in [/home/raphaelvmiollo/projetosFaculdade/vaco/vendor/cakephp/cakephp/src/View/Helper/PaginatorHelper.php, line 552]
Trace:
Cake\Error\BaseErrorHandler::handleError() - CORE/src/Error/BaseErrorHandler.php, line 138
Cake\View\Helper\PaginatorHelper::counter() - CORE/src/View/Helper/PaginatorHelper.php, line 552
include - APP/Template/Activities/listar.ctp, line 52
Cake\View\View::_evaluate() - CORE/src/View/View.php, line 815
Cake\View\View::_render() - CORE/src/View/View.php, line 775
Cake\View\View::render() - CORE/src/View/View.php, line 463
Cake\Controller\Controller::render() - CORE/src/Controller/Controller.php, line 583
Cake\Routing\Dispatcher::_invoke() - CORE/src/Routing/Dispatcher.php, line 120
Cake\Routing\Dispatcher::dispatch() - CORE/src/Routing/Dispatcher.php, line 87
[main] - ROOT/webroot/index.php, line 37



2015-05-07 16:13:18 Notice: Notice (8): Undefined index: perPage in [/home/raphaelvmiollo/projetosFaculdade/vaco/vendor/cakephp/cakephp/src/View/Helper/PaginatorHelper.php, line 555]
Trace:
Cake\Error\BaseErrorHandler::handleError() - CORE/src/Error/BaseErrorHandler.php, line 138
Cake\View\Helper\PaginatorHelper::counter() - CORE/src/View/Helper/PaginatorHelper.php, line 555
include - APP/Template/Activities/listar.ctp, line 52
Cake\View\View::_evaluate() - CORE/src/View/View.php, line 815
Cake\View\View::_render() - CORE/src/View/View.php, line 775
Cake\View\View::render() - CORE/src/View/View.php, line 463
Cake\Controller\Controller::render() - CORE/src/Controller/Controller.php, line 583
Cake\Routing\Dispatcher::_invoke() - CORE/src/Routing/Dispatcher.php, line 120
Cake\Routing\Dispatcher::dispatch() - CORE/src/Routing/Dispatcher.php, line 87
[main] - ROOT/webroot/index.php, line 37



2015-05-07 16:13:18 Notice: Notice (8): Undefined index: count in [/home/raphaelvmiollo/projetosFaculdade/vaco/vendor/cakephp/cakephp/src/View/Helper/PaginatorHelper.php, line 556]
Trace:
Cake\Error\BaseErrorHandler::handleError() - CORE/src/Error/BaseErrorHandler.php, line 138
Cake\View\Helper\PaginatorHelper::counter() - CORE/src/View/Helper/PaginatorHelper.php, line 556
include - APP/Template/Activities/listar.ctp, line 52
Cake\View\View::_evaluate() - CORE/src/View/View.php, line 815
Cake\View\View::_render() - CORE/src/View/View.php, line 775
Cake\View\View::render() - CORE/src/View/View.php, line 463
Cake\Controller\Controller::render() - CORE/src/Controller/Controller.php, line 583
Cake\Routing\Dispatcher::_invoke() - CORE/src/Routing/Dispatcher.php, line 120
Cake\Routing\Dispatcher::dispatch() - CORE/src/Routing/Dispatcher.php, line 87
[main] - ROOT/webroot/index.php, line 37



2015-05-07 16:13:18 Notice: Notice (8): Undefined index: count in [/home/raphaelvmiollo/projetosFaculdade/vaco/vendor/cakephp/cakephp/src/View/Helper/PaginatorHelper.php, line 557]
Trace:
Cake\Error\BaseErrorHandler::handleError() - CORE/src/Error/BaseErrorHandler.php, line 138
Cake\View\Helper\PaginatorHelper::counter() - CORE/src/View/Helper/PaginatorHelper.php, line 557
include - APP/Template/Activities/listar.ctp, line 52
Cake\View\View::_evaluate() - CORE/src/View/View.php, line 815
Cake\View\View::_render() - CORE/src/View/View.php, line 775
Cake\View\View::render() - CORE/src/View/View.php, line 463
Cake\Controller\Controller::render() - CORE/src/Controller/Controller.php, line 583
Cake\Routing\Dispatcher::_invoke() - CORE/src/Routing/Dispatcher.php, line 120
Cake\Routing\Dispatcher::dispatch() - CORE/src/Routing/Dispatcher.php, line 87
[main] - ROOT/webroot/index.php, line 37



2015-05-07 16:13:18 Notice: Notice (8): Undefined index: page in [/home/raphaelvmiollo/projetosFaculdade/vaco/vendor/cakephp/cakephp/src/View/Helper/PaginatorHelper.php, line 570]
Trace:
Cake\Error\BaseErrorHandler::handleError() - CORE/src/Error/BaseErrorHandler.php, line 138
Cake\View\Helper\PaginatorHelper::counter() - CORE/src/View/Helper/PaginatorHelper.php, line 570
include - APP/Template/Activities/listar.ctp, line 52
Cake\View\View::_evaluate() - CORE/src/View/View.php, line 815
Cake\View\View::_render() - CORE/src/View/View.php, line 775
Cake\View\View::render() - CORE/src/View/View.php, line 463
Cake\Controller\Controller::render() - CORE/src/Controller/Controller.php, line 583
Cake\Routing\Dispatcher::_invoke() - CORE/src/Routing/Dispatcher.php, line 120
Cake\Routing\Dispatcher::dispatch() - CORE/src/Routing/Dispatcher.php, line 87
[main] - ROOT/webroot/index.php, line 37



2015-05-07 16:13:18 Notice: Notice (8): Undefined index: current in [/home/raphaelvmiollo/projetosFaculdade/vaco/vendor/cakephp/cakephp/src/View/Helper/PaginatorHelper.php, line 572]
Trace:
Cake\Error\BaseErrorHandler::handleError() - CORE/src/Error/BaseErrorHandler.php, line 138
Cake\View\Helper\PaginatorHelper::counter() - CORE/src/View/Helper/PaginatorHelper.php, line 572
include - APP/Template/Activities/listar.ctp, line 52
Cake\View\View::_evaluate() - CORE/src/View/View.php, line 815
Cake\View\View::_render() - CORE/src/View/View.php, line 775
Cake\View\View::render() - CORE/src/View/View.php, line 463
Cake\Controller\Controller::render() - CORE/src/Controller/Controller.php, line 583
Cake\Routing\Dispatcher::_invoke() - CORE/src/Routing/Dispatcher.php, line 120
Cake\Routing\Dispatcher::dispatch() - CORE/src/Routing/Dispatcher.php, line 87
[main] - ROOT/webroot/index.php, line 37



2015-05-07 16:13:18 Notice: Notice (8): Undefined index: count in [/home/raphaelvmiollo/projetosFaculdade/vaco/vendor/cakephp/cakephp/src/View/Helper/PaginatorHelper.php, line 573]
Trace:
Cake\Error\BaseErrorHandler::handleError() - CORE/src/Error/BaseErrorHandler.php, line 138
Cake\View\Helper\PaginatorHelper::counter() - CORE/src/View/Helper/PaginatorHelper.php, line 573
include - APP/Template/Activities/listar.ctp, line 52
Cake\View\View::_evaluate() - CORE/src/View/View.php, line 815
Cake\View\View::_render() - CORE/src/View/View.php, line 775
Cake\View\View::render() - CORE/src/View/View.php, line 463
Cake\Controller\Controller::render() - CORE/src/Controller/Controller.php, line 583
Cake\Routing\Dispatcher::_invoke() - CORE/src/Routing/Dispatcher.php, line 120
Cake\Routing\Dispatcher::dispatch() - CORE/src/Routing/Dispatcher.php, line 87
[main] - ROOT/webroot/index.php, line 37



2015-05-07 16:13:18 Notice: Notice (8): Undefined variable: activities in [/home/raphaelvmiollo/projetosFaculdade/vaco/src/Template/Activities/listar.ctp, line 27]
Trace:
Cake\Error\BaseErrorHandler::handleError() - CORE/src/Error/BaseErrorHandler.php, line 138
include - APP/Template/Activities/listar.ctp, line 27
Cake\View\View::_evaluate() - CORE/src/View/View.php, line 815
Cake\View\View::_render() - CORE/src/View/View.php, line 775
Cake\View\View::render() - CORE/src/View/View.php, line 463
Cake\Controller\Controller::render() - CORE/src/Controller/Controller.php, line 583
Cake\Routing\Dispatcher::_invoke() - CORE/src/Routing/Dispatcher.php, line 120
Cake\Routing\Dispatcher::dispatch() - CORE/src/Routing/Dispatcher.php, line 87
[main] - ROOT/webroot/index.php, line 37



2015-05-07 16:13:18 Notice: Notice (8): Undefined index: pageCount in [/home/raphaelvmiollo/projetosFaculdade/vaco/vendor/cakephp/cakephp/src/View/Helper/PaginatorHelper.php, line 625]
Trace:
Cake\Error\BaseErrorHandler::handleError() - CORE/src/Error/BaseErrorHandler.php, line 138
Cake\View\Helper\PaginatorHelper::numbers() - CORE/src/View/Helper/PaginatorHelper.php, line 625
include - APP/Template/Activities/listar.ctp, line 49
Cake\View\View::_evaluate() - CORE/src/View/View.php, line 815
Cake\View\View::_render() - CORE/src/View/View.php, line 775
Cake\View\View::render() - CORE/src/View/View.php, line 463
Cake\Controller\Controller::render() - CORE/src/Controller/Controller.php, line 583
Cake\Routing\Dispatcher::_invoke() - CORE/src/Routing/Dispatcher.php, line 120
Cake\Routing\Dispatcher::dispatch() - CORE/src/Routing/Dispatcher.php, line 87
[main] - ROOT/webroot/index.php, line 37



2015-05-07 16:13:18 Notice: Notice (8): Undefined index: pageCount in [/home/raphaelvmiollo/projetosFaculdade/vaco/vendor/cakephp/cakephp/src/View/Helper/PaginatorHelper.php, line 548]
Trace:
Cake\Error\BaseErrorHandler::handleError() - CORE/src/Error/BaseErrorHandler.php, line 138
Cake\View\Helper\PaginatorHelper::counter() - CORE/src/View/Helper/PaginatorHelper.php, line 548
include - APP/Template/Activities/listar.ctp, line 52
Cake\View\View::_evaluate() - CORE/src/View/View.php, line 815
Cake\View\View::_render() - CORE/src/View/View.php, line 775
Cake\View\View::render() - CORE/src/View/View.php, line 463
Cake\Controller\Controller::render() - CORE/src/Controller/Controller.php, line 583
Cake\Routing\Dispatcher::_invoke() - CORE/src/Routing/Dispatcher.php, line 120
Cake\Routing\Dispatcher::dispatch() - CORE/src/Routing/Dispatcher.php, line 87
[main] - ROOT/webroot/index.php, line 37



2015-05-07 16:13:18 Notice: Notice (8): Undefined index: count in [/home/raphaelvmiollo/projetosFaculdade/vaco/vendor/cakephp/cakephp/src/View/Helper/PaginatorHelper.php, line 552]
Trace:
Cake\Error\BaseErrorHandler::handleError() - CORE/src/Error/BaseErrorHandler.php, line 138
Cake\View\Helper\PaginatorHelper::counter() - CORE/src/View/Helper/PaginatorHelper.php, line 552
include - APP/Template/Activities/listar.ctp, line 52
Cake\View\View::_evaluate() - CORE/src/View/View.php, line 815
Cake\View\View::_render() - CORE/src/View/View.php, line 775
Cake\View\View::render() - CORE/src/View/View.php, line 463
Cake\Controller\Controller::render() - CORE/src/Controller/Controller.php, line 583
Cake\Routing\Dispatcher::_invoke() - CORE/src/Routing/Dispatcher.php, line 120
Cake\Routing\Dispatcher::dispatch() - CORE/src/Routing/Dispatcher.php, line 87
[main] - ROOT/webroot/index.php, line 37



2015-05-07 16:13:18 Notice: Notice (8): Undefined index: perPage in [/home/raphaelvmiollo/projetosFaculdade/vaco/vendor/cakephp/cakephp/src/View/Helper/PaginatorHelper.php, line 555]
Trace:
Cake\Error\BaseErrorHandler::handleError() - CORE/src/Error/BaseErrorHandler.php, line 138
Cake\View\Helper\PaginatorHelper::counter() - CORE/src/View/Helper/PaginatorHelper.php, line 555
include - APP/Template/Activities/listar.ctp, line 52
Cake\View\View::_evaluate() - CORE/src/View/View.php, line 815
Cake\View\View::_render() - CORE/src/View/View.php, line 775
Cake\View\View::render() - CORE/src/View/View.php, line 463
Cake\Controller\Controller::render() - CORE/src/Controller/Controller.php, line 583
Cake\Routing\Dispatcher::_invoke() - CORE/src/Routing/Dispatcher.php, line 120
Cake\Routing\Dispatcher::dispatch() - CORE/src/Routing/Dispatcher.php, line 87
[main] - ROOT/webroot/index.php, line 37



2015-05-07 16:13:18 Notice: Notice (8): Undefined index: count in [/home/raphaelvmiollo/projetosFaculdade/vaco/vendor/cakephp/cakephp/src/View/Helper/PaginatorHelper.php, line 556]
Trace:
Cake\Error\BaseErrorHandler::handleError() - CORE/src/Error/BaseErrorHandler.php, line 138
Cake\View\Helper\PaginatorHelper::counter() - CORE/src/View/Helper/PaginatorHelper.php, line 556
include - APP/Template/Activities/listar.ctp, line 52
Cake\View\View::_evaluate() - CORE/src/View/View.php, line 815
Cake\View\View::_render() - CORE/src/View/View.php, line 775
Cake\View\View::render() - CORE/src/View/View.php, line 463
Cake\Controller\Controller::render() - CORE/src/Controller/Controller.php, line 583
Cake\Routing\Dispatcher::_invoke() - CORE/src/Routing/Dispatcher.php, line 120
Cake\Routing\Dispatcher::dispatch() - CORE/src/Routing/Dispatcher.php, line 87
[main] - ROOT/webroot/index.php, line 37



2015-05-07 16:13:18 Notice: Notice (8): Undefined index: count in [/home/raphaelvmiollo/projetosFaculdade/vaco/vendor/cakephp/cakephp/src/View/Helper/PaginatorHelper.php, line 557]
Trace:
Cake\Error\BaseErrorHandler::handleError() - CORE/src/Error/BaseErrorHandler.php, line 138
Cake\View\Helper\PaginatorHelper::counter() - CORE/src/View/Helper/PaginatorHelper.php, line 557
include - APP/Template/Activities/listar.ctp, line 52
Cake\View\View::_evaluate() - CORE/src/View/View.php, line 815
Cake\View\View::_render() - CORE/src/View/View.php, line 775
Cake\View\View::render() - CORE/src/View/View.php, line 463
Cake\Controller\Controller::render() - CORE/src/Controller/Controller.php, line 583
Cake\Routing\Dispatcher::_invoke() - CORE/src/Routing/Dispatcher.php, line 120
Cake\Routing\Dispatcher::dispatch() - CORE/src/Routing/Dispatcher.php, line 87
[main] - ROOT/webroot/index.php, line 37



2015-05-07 16:13:18 Notice: Notice (8): Undefined index: page in [/home/raphaelvmiollo/projetosFaculdade/vaco/vendor/cakephp/cakephp/src/View/Helper/PaginatorHelper.php, line 570]
Trace:
Cake\Error\BaseErrorHandler::handleError() - CORE/src/Error/BaseErrorHandler.php, line 138
Cake\View\Helper\PaginatorHelper::counter() - CORE/src/View/Helper/PaginatorHelper.php, line 570
include - APP/Template/Activities/listar.ctp, line 52
Cake\View\View::_evaluate() - CORE/src/View/View.php, line 815
Cake\View\View::_render() - CORE/src/View/View.php, line 775
Cake\View\View::render() - CORE/src/View/View.php, line 463
Cake\Controller\Controller::render() - CORE/src/Controller/Controller.php, line 583
Cake\Routing\Dispatcher::_invoke() - CORE/src/Routing/Dispatcher.php, line 120
Cake\Routing\Dispatcher::dispatch() - CORE/src/Routing/Dispatcher.php, line 87
[main] - ROOT/webroot/index.php, line 37



2015-05-07 16:13:18 Notice: Notice (8): Undefined index: current in [/home/raphaelvmiollo/projetosFaculdade/vaco/vendor/cakephp/cakephp/src/View/Helper/PaginatorHelper.php, line 572]
Trace:
Cake\Error\BaseErrorHandler::handleError() - CORE/src/Error/BaseErrorHandler.php, line 138
Cake\View\Helper\PaginatorHelper::counter() - CORE/src/View/Helper/PaginatorHelper.php, line 572
include - APP/Template/Activities/listar.ctp, line 52
Cake\View\View::_evaluate() - CORE/src/View/View.php, line 815
Cake\View\View::_render() - CORE/src/View/View.php, line 775
Cake\View\View::render() - CORE/src/View/View.php, line 463
Cake\Controller\Controller::render() - CORE/src/Controller/Controller.php, line 583
Cake\Routing\Dispatcher::_invoke() - CORE/src/Routing/Dispatcher.php, line 120
Cake\Routing\Dispatcher::dispatch() - CORE/src/Routing/Dispatcher.php, line 87
[main] - ROOT/webroot/index.php, line 37



2015-05-07 16:13:18 Notice: Notice (8): Undefined index: count in [/home/raphaelvmiollo/projetosFaculdade/vaco/vendor/cakephp/cakephp/src/View/Helper/PaginatorHelper.php, line 573]
Trace:
Cake\Error\BaseErrorHandler::handleError() - CORE/src/Error/BaseErrorHandler.php, line 138
Cake\View\Helper\PaginatorHelper::counter() - CORE/src/View/Helper/PaginatorHelper.php, line 573
include - APP/Template/Activities/listar.ctp, line 52
Cake\View\View::_evaluate() - CORE/src/View/View.php, line 815
Cake\View\View::_render() - CORE/src/View/View.php, line 775
Cake\View\View::render() - CORE/src/View/View.php, line 463
Cake\Controller\Controller::render() - CORE/src/Controller/Controller.php, line 583
Cake\Routing\Dispatcher::_invoke() - CORE/src/Routing/Dispatcher.php, line 120
Cake\Routing\Dispatcher::dispatch() - CORE/src/Routing/Dispatcher.php, line 87
[main] - ROOT/webroot/index.php, line 37



2015-05-07 16:13:18 Notice: Notice (8): Undefined variable: activities in [/home/raphaelvmiollo/projetosFaculdade/vaco/src/Template/Activities/listar.ctp, line 27]
Trace:
Cake\Error\BaseErrorHandler::handleError() - CORE/src/Error/BaseErrorHandler.php, line 138
include - APP/Template/Activities/listar.ctp, line 27
Cake\View\View::_evaluate() - CORE/src/View/View.php, line 815
Cake\View\View::_render() - CORE/src/View/View.php, line 775
Cake\View\View::render() - CORE/src/View/View.php, line 463
Cake\Controller\Controller::render() - CORE/src/Controller/Controller.php, line 583
Cake\Routing\Dispatcher::_invoke() - CORE/src/Routing/Dispatcher.php, line 120
Cake\Routing\Dispatcher::dispatch() - CORE/src/Routing/Dispatcher.php, line 87
[main] - ROOT/webroot/index.php, line 37



2015-05-07 16:13:18 Notice: Notice (8): Undefined index: pageCount in [/home/raphaelvmiollo/projetosFaculdade/vaco/vendor/cakephp/cakephp/src/View/Helper/PaginatorHelper.php, line 625]
Trace:
Cake\Error\BaseErrorHandler::handleError() - CORE/src/Error/BaseErrorHandler.php, line 138
Cake\View\Helper\PaginatorHelper::numbers() - CORE/src/View/Helper/PaginatorHelper.php, line 625
include - APP/Template/Activities/listar.ctp, line 49
Cake\View\View::_evaluate() - CORE/src/View/View.php, line 815
Cake\View\View::_render() - CORE/src/View/View.php, line 775
Cake\View\View::render() - CORE/src/View/View.php, line 463
Cake\Controller\Controller::render() - CORE/src/Controller/Controller.php, line 583
Cake\Routing\Dispatcher::_invoke() - CORE/src/Routing/Dispatcher.php, line 120
Cake\Routing\Dispatcher::dispatch() - CORE/src/Routing/Dispatcher.php, line 87
[main] - ROOT/webroot/index.php, line 37



2015-05-07 16:13:18 Notice: Notice (8): Undefined index: pageCount in [/home/raphaelvmiollo/projetosFaculdade/vaco/vendor/cakephp/cakephp/src/View/Helper/PaginatorHelper.php, line 548]
Trace:
Cake\Error\BaseErrorHandler::handleError() - CORE/src/Error/BaseErrorHandler.php, line 138
Cake\View\Helper\PaginatorHelper::counter() - CORE/src/View/Helper/PaginatorHelper.php, line 548
include - APP/Template/Activities/listar.ctp, line 52
Cake\View\View::_evaluate() - CORE/src/View/View.php, line 815
Cake\View\View::_render() - CORE/src/View/View.php, line 775
Cake\View\View::render() - CORE/src/View/View.php, line 463
Cake\Controller\Controller::render() - CORE/src/Controller/Controller.php, line 583
Cake\Routing\Dispatcher::_invoke() - CORE/src/Routing/Dispatcher.php, line 120
Cake\Routing\Dispatcher::dispatch() - CORE/src/Routing/Dispatcher.php, line 87
[main] - ROOT/webroot/index.php, line 37



2015-05-07 16:13:18 Notice: Notice (8): Undefined index: count in [/home/raphaelvmiollo/projetosFaculdade/vaco/vendor/cakephp/cakephp/src/View/Helper/PaginatorHelper.php, line 552]
Trace:
Cake\Error\BaseErrorHandler::handleError() - CORE/src/Error/BaseErrorHandler.php, line 138
Cake\View\Helper\PaginatorHelper::counter() - CORE/src/View/Helper/PaginatorHelper.php, line 552
include - APP/Template/Activities/listar.ctp, line 52
Cake\View\View::_evaluate() - CORE/src/View/View.php, line 815
Cake\View\View::_render() - CORE/src/View/View.php, line 775
Cake\View\View::render() - CORE/src/View/View.php, line 463
Cake\Controller\Controller::render() - CORE/src/Controller/Controller.php, line 583
Cake\Routing\Dispatcher::_invoke() - CORE/src/Routing/Dispatcher.php, line 120
Cake\Routing\Dispatcher::dispatch() - CORE/src/Routing/Dispatcher.php, line 87
[main] - ROOT/webroot/index.php, line 37



2015-05-07 16:13:18 Notice: Notice (8): Undefined index: perPage in [/home/raphaelvmiollo/projetosFaculdade/vaco/vendor/cakephp/cakephp/src/View/Helper/PaginatorHelper.php, line 555]
Trace:
Cake\Error\BaseErrorHandler::handleError() - CORE/src/Error/BaseErrorHandler.php, line 138
Cake\View\Helper\PaginatorHelper::counter() - CORE/src/View/Helper/PaginatorHelper.php, line 555
include - APP/Template/Activities/listar.ctp, line 52
Cake\View\View::_evaluate() - CORE/src/View/View.php, line 815
Cake\View\View::_render() - CORE/src/View/View.php, line 775
Cake\View\View::render() - CORE/src/View/View.php, line 463
Cake\Controller\Controller::render() - CORE/src/Controller/Controller.php, line 583
Cake\Routing\Dispatcher::_invoke() - CORE/src/Routing/Dispatcher.php, line 120
Cake\Routing\Dispatcher::dispatch() - CORE/src/Routing/Dispatcher.php, line 87
[main] - ROOT/webroot/index.php, line 37



2015-05-07 16:13:18 Notice: Notice (8): Undefined index: count in [/home/raphaelvmiollo/projetosFaculdade/vaco/vendor/cakephp/cakephp/src/View/Helper/PaginatorHelper.php, line 556]
Trace:
Cake\Error\BaseErrorHandler::handleError() - CORE/src/Error/BaseErrorHandler.php, line 138
Cake\View\Helper\PaginatorHelper::counter() - CORE/src/View/Helper/PaginatorHelper.php, line 556
include - APP/Template/Activities/listar.ctp, line 52
Cake\View\View::_evaluate() - CORE/src/View/View.php, line 815
Cake\View\View::_render() - CORE/src/View/View.php, line 775
Cake\View\View::render() - CORE/src/View/View.php, line 463
Cake\Controller\Controller::render() - CORE/src/Controller/Controller.php, line 583
Cake\Routing\Dispatcher::_invoke() - CORE/src/Routing/Dispatcher.php, line 120
Cake\Routing\Dispatcher::dispatch() - CORE/src/Routing/Dispatcher.php, line 87
[main] - ROOT/webroot/index.php, line 37



2015-05-07 16:13:18 Notice: Notice (8): Undefined index: count in [/home/raphaelvmiollo/projetosFaculdade/vaco/vendor/cakephp/cakephp/src/View/Helper/PaginatorHelper.php, line 557]
Trace:
Cake\Error\BaseErrorHandler::handleError() - CORE/src/Error/BaseErrorHandler.php, line 138
Cake\View\Helper\PaginatorHelper::counter() - CORE/src/View/Helper/PaginatorHelper.php, line 557
include - APP/Template/Activities/listar.ctp, line 52
Cake\View\View::_evaluate() - CORE/src/View/View.php, line 815
Cake\View\View::_render() - CORE/src/View/View.php, line 775
Cake\View\View::render() - CORE/src/View/View.php, line 463
Cake\Controller\Controller::render() - CORE/src/Controller/Controller.php, line 583
Cake\Routing\Dispatcher::_invoke() - CORE/src/Routing/Dispatcher.php, line 120
Cake\Routing\Dispatcher::dispatch() - CORE/src/Routing/Dispatcher.php, line 87
[main] - ROOT/webroot/index.php, line 37



2015-05-07 16:13:18 Notice: Notice (8): Undefined index: page in [/home/raphaelvmiollo/projetosFaculdade/vaco/vendor/cakephp/cakephp/src/View/Helper/PaginatorHelper.php, line 570]
Trace:
Cake\Error\BaseErrorHandler::handleError() - CORE/src/Error/BaseErrorHandler.php, line 138
Cake\View\Helper\PaginatorHelper::counter() - CORE/src/View/Helper/PaginatorHelper.php, line 570
include - APP/Template/Activities/listar.ctp, line 52
Cake\View\View::_evaluate() - CORE/src/View/View.php, line 815
Cake\View\View::_render() - CORE/src/View/View.php, line 775
Cake\View\View::render() - CORE/src/View/View.php, line 463
Cake\Controller\Controller::render() - CORE/src/Controller/Controller.php, line 583
Cake\Routing\Dispatcher::_invoke() - CORE/src/Routing/Dispatcher.php, line 120
Cake\Routing\Dispatcher::dispatch() - CORE/src/Routing/Dispatcher.php, line 87
[main] - ROOT/webroot/index.php, line 37



2015-05-07 16:13:18 Notice: Notice (8): Undefined index: current in [/home/raphaelvmiollo/projetosFaculdade/vaco/vendor/cakephp/cakephp/src/View/Helper/PaginatorHelper.php, line 572]
Trace:
Cake\Error\BaseErrorHandler::handleError() - CORE/src/Error/BaseErrorHandler.php, line 138
Cake\View\Helper\PaginatorHelper::counter() - CORE/src/View/Helper/PaginatorHelper.php, line 572
include - APP/Template/Activities/listar.ctp, line 52
Cake\View\View::_evaluate() - CORE/src/View/View.php, line 815
Cake\View\View::_render() - CORE/src/View/View.php, line 775
Cake\View\View::render() - CORE/src/View/View.php, line 463
Cake\Controller\Controller::render() - CORE/src/Controller/Controller.php, line 583
Cake\Routing\Dispatcher::_invoke() - CORE/src/Routing/Dispatcher.php, line 120
Cake\Routing\Dispatcher::dispatch() - CORE/src/Routing/Dispatcher.php, line 87
[main] - ROOT/webroot/index.php, line 37



2015-05-07 16:13:18 Notice: Notice (8): Undefined index: count in [/home/raphaelvmiollo/projetosFaculdade/vaco/vendor/cakephp/cakephp/src/View/Helper/PaginatorHelper.php, line 573]
Trace:
Cake\Error\BaseErrorHandler::handleError() - CORE/src/Error/BaseErrorHandler.php, line 138
Cake\View\Helper\PaginatorHelper::counter() - CORE/src/View/Helper/PaginatorHelper.php, line 573
include - APP/Template/Activities/listar.ctp, line 52
Cake\View\View::_evaluate() - CORE/src/View/View.php, line 815
Cake\View\View::_render() - CORE/src/View/View.php, line 775
Cake\View\View::render() - CORE/src/View/View.php, line 463
Cake\Controller\Controller::render() - CORE/src/Controller/Controller.php, line 583
Cake\Routing\Dispatcher::_invoke() - CORE/src/Routing/Dispatcher.php, line 120
Cake\Routing\Dispatcher::dispatch() - CORE/src/Routing/Dispatcher.php, line 87
[main] - ROOT/webroot/index.php, line 37



2015-05-07 16:13:19 Notice: Notice (8): Undefined variable: activities in [/home/raphaelvmiollo/projetosFaculdade/vaco/src/Template/Activities/listar.ctp, line 27]
Trace:
Cake\Error\BaseErrorHandler::handleError() - CORE/src/Error/BaseErrorHandler.php, line 138
include - APP/Template/Activities/listar.ctp, line 27
Cake\View\View::_evaluate() - CORE/src/View/View.php, line 815
Cake\View\View::_render() - CORE/src/View/View.php, line 775
Cake\View\View::render() - CORE/src/View/View.php, line 463
Cake\Controller\Controller::render() - CORE/src/Controller/Controller.php, line 583
Cake\Routing\Dispatcher::_invoke() - CORE/src/Routing/Dispatcher.php, line 120
Cake\Routing\Dispatcher::dispatch() - CORE/src/Routing/Dispatcher.php, line 87
[main] - ROOT/webroot/index.php, line 37



2015-05-07 16:13:19 Notice: Notice (8): Undefined index: pageCount in [/home/raphaelvmiollo/projetosFaculdade/vaco/vendor/cakephp/cakephp/src/View/Helper/PaginatorHelper.php, line 625]
Trace:
Cake\Error\BaseErrorHandler::handleError() - CORE/src/Error/BaseErrorHandler.php, line 138
Cake\View\Helper\PaginatorHelper::numbers() - CORE/src/View/Helper/PaginatorHelper.php, line 625
include - APP/Template/Activities/listar.ctp, line 49
Cake\View\View::_evaluate() - CORE/src/View/View.php, line 815
Cake\View\View::_render() - CORE/src/View/View.php, line 775
Cake\View\View::render() - CORE/src/View/View.php, line 463
Cake\Controller\Controller::render() - CORE/src/Controller/Controller.php, line 583
Cake\Routing\Dispatcher::_invoke() - CORE/src/Routing/Dispatcher.php, line 120
Cake\Routing\Dispatcher::dispatch() - CORE/src/Routing/Dispatcher.php, line 87
[main] - ROOT/webroot/index.php, line 37



2015-05-07 16:13:19 Notice: Notice (8): Undefined index: pageCount in [/home/raphaelvmiollo/projetosFaculdade/vaco/vendor/cakephp/cakephp/src/View/Helper/PaginatorHelper.php, line 548]
Trace:
Cake\Error\BaseErrorHandler::handleError() - CORE/src/Error/BaseErrorHandler.php, line 138
Cake\View\Helper\PaginatorHelper::counter() - CORE/src/View/Helper/PaginatorHelper.php, line 548
include - APP/Template/Activities/listar.ctp, line 52
Cake\View\View::_evaluate() - CORE/src/View/View.php, line 815
Cake\View\View::_render() - CORE/src/View/View.php, line 775
Cake\View\View::render() - CORE/src/View/View.php, line 463
Cake\Controller\Controller::render() - CORE/src/Controller/Controller.php, line 583
Cake\Routing\Dispatcher::_invoke() - CORE/src/Routing/Dispatcher.php, line 120
Cake\Routing\Dispatcher::dispatch() - CORE/src/Routing/Dispatcher.php, line 87
[main] - ROOT/webroot/index.php, line 37



2015-05-07 16:13:19 Notice: Notice (8): Undefined index: count in [/home/raphaelvmiollo/projetosFaculdade/vaco/vendor/cakephp/cakephp/src/View/Helper/PaginatorHelper.php, line 552]
Trace:
Cake\Error\BaseErrorHandler::handleError() - CORE/src/Error/BaseErrorHandler.php, line 138
Cake\View\Helper\PaginatorHelper::counter() - CORE/src/View/Helper/PaginatorHelper.php, line 552
include - APP/Template/Activities/listar.ctp, line 52
Cake\View\View::_evaluate() - CORE/src/View/View.php, line 815
Cake\View\View::_render() - CORE/src/View/View.php, line 775
Cake\View\View::render() - CORE/src/View/View.php, line 463
Cake\Controller\Controller::render() - CORE/src/Controller/Controller.php, line 583
Cake\Routing\Dispatcher::_invoke() - CORE/src/Routing/Dispatcher.php, line 120
Cake\Routing\Dispatcher::dispatch() - CORE/src/Routing/Dispatcher.php, line 87
[main] - ROOT/webroot/index.php, line 37



2015-05-07 16:13:19 Notice: Notice (8): Undefined index: perPage in [/home/raphaelvmiollo/projetosFaculdade/vaco/vendor/cakephp/cakephp/src/View/Helper/PaginatorHelper.php, line 555]
Trace:
Cake\Error\BaseErrorHandler::handleError() - CORE/src/Error/BaseErrorHandler.php, line 138
Cake\View\Helper\PaginatorHelper::counter() - CORE/src/View/Helper/PaginatorHelper.php, line 555
include - APP/Template/Activities/listar.ctp, line 52
Cake\View\View::_evaluate() - CORE/src/View/View.php, line 815
Cake\View\View::_render() - CORE/src/View/View.php, line 775
Cake\View\View::render() - CORE/src/View/View.php, line 463
Cake\Controller\Controller::render() - CORE/src/Controller/Controller.php, line 583
Cake\Routing\Dispatcher::_invoke() - CORE/src/Routing/Dispatcher.php, line 120
Cake\Routing\Dispatcher::dispatch() - CORE/src/Routing/Dispatcher.php, line 87
[main] - ROOT/webroot/index.php, line 37



2015-05-07 16:13:19 Notice: Notice (8): Undefined index: count in [/home/raphaelvmiollo/projetosFaculdade/vaco/vendor/cakephp/cakephp/src/View/Helper/PaginatorHelper.php, line 556]
Trace:
Cake\Error\BaseErrorHandler::handleError() - CORE/src/Error/BaseErrorHandler.php, line 138
Cake\View\Helper\PaginatorHelper::counter() - CORE/src/View/Helper/PaginatorHelper.php, line 556
include - APP/Template/Activities/listar.ctp, line 52
Cake\View\View::_evaluate() - CORE/src/View/View.php, line 815
Cake\View\View::_render() - CORE/src/View/View.php, line 775
Cake\View\View::render() - CORE/src/View/View.php, line 463
Cake\Controller\Controller::render() - CORE/src/Controller/Controller.php, line 583
Cake\Routing\Dispatcher::_invoke() - CORE/src/Routing/Dispatcher.php, line 120
Cake\Routing\Dispatcher::dispatch() - CORE/src/Routing/Dispatcher.php, line 87
[main] - ROOT/webroot/index.php, line 37



2015-05-07 16:13:19 Notice: Notice (8): Undefined index: count in [/home/raphaelvmiollo/projetosFaculdade/vaco/vendor/cakephp/cakephp/src/View/Helper/PaginatorHelper.php, line 557]
Trace:
Cake\Error\BaseErrorHandler::handleError() - CORE/src/Error/BaseErrorHandler.php, line 138
Cake\View\Helper\PaginatorHelper::counter() - CORE/src/View/Helper/PaginatorHelper.php, line 557
include - APP/Template/Activities/listar.ctp, line 52
Cake\View\View::_evaluate() - CORE/src/View/View.php, line 815
Cake\View\View::_render() - CORE/src/View/View.php, line 775
Cake\View\View::render() - CORE/src/View/View.php, line 463
Cake\Controller\Controller::render() - CORE/src/Controller/Controller.php, line 583
Cake\Routing\Dispatcher::_invoke() - CORE/src/Routing/Dispatcher.php, line 120
Cake\Routing\Dispatcher::dispatch() - CORE/src/Routing/Dispatcher.php, line 87
[main] - ROOT/webroot/index.php, line 37



2015-05-07 16:13:19 Notice: Notice (8): Undefined index: page in [/home/raphaelvmiollo/projetosFaculdade/vaco/vendor/cakephp/cakephp/src/View/Helper/PaginatorHelper.php, line 570]
Trace:
Cake\Error\BaseErrorHandler::handleError() - CORE/src/Error/BaseErrorHandler.php, line 138
Cake\View\Helper\PaginatorHelper::counter() - CORE/src/View/Helper/PaginatorHelper.php, line 570
include - APP/Template/Activities/listar.ctp, line 52
Cake\View\View::_evaluate() - CORE/src/View/View.php, line 815
Cake\View\View::_render() - CORE/src/View/View.php, line 775
Cake\View\View::render() - CORE/src/View/View.php, line 463
Cake\Controller\Controller::render() - CORE/src/Controller/Controller.php, line 583
Cake\Routing\Dispatcher::_invoke() - CORE/src/Routing/Dispatcher.php, line 120
Cake\Routing\Dispatcher::dispatch() - CORE/src/Routing/Dispatcher.php, line 87
[main] - ROOT/webroot/index.php, line 37



2015-05-07 16:13:19 Notice: Notice (8): Undefined index: current in [/home/raphaelvmiollo/projetosFaculdade/vaco/vendor/cakephp/cakephp/src/View/Helper/PaginatorHelper.php, line 572]
Trace:
Cake\Error\BaseErrorHandler::handleError() - CORE/src/Error/BaseErrorHandler.php, line 138
Cake\View\Helper\PaginatorHelper::counter() - CORE/src/View/Helper/PaginatorHelper.php, line 572
include - APP/Template/Activities/listar.ctp, line 52
Cake\View\View::_evaluate() - CORE/src/View/View.php, line 815
Cake\View\View::_render() - CORE/src/View/View.php, line 775
Cake\View\View::render() - CORE/src/View/View.php, line 463
Cake\Controller\Controller::render() - CORE/src/Controller/Controller.php, line 583
Cake\Routing\Dispatcher::_invoke() - CORE/src/Routing/Dispatcher.php, line 120
Cake\Routing\Dispatcher::dispatch() - CORE/src/Routing/Dispatcher.php, line 87
[main] - ROOT/webroot/index.php, line 37



2015-05-07 16:13:19 Notice: Notice (8): Undefined index: count in [/home/raphaelvmiollo/projetosFaculdade/vaco/vendor/cakephp/cakephp/src/View/Helper/PaginatorHelper.php, line 573]
Trace:
Cake\Error\BaseErrorHandler::handleError() - CORE/src/Error/BaseErrorHandler.php, line 138
Cake\View\Helper\PaginatorHelper::counter() - CORE/src/View/Helper/PaginatorHelper.php, line 573
include - APP/Template/Activities/listar.ctp, line 52
Cake\View\View::_evaluate() - CORE/src/View/View.php, line 815
Cake\View\View::_render() - CORE/src/View/View.php, line 775
Cake\View\View::render() - CORE/src/View/View.php, line 463
Cake\Controller\Controller::render() - CORE/src/Controller/Controller.php, line 583
Cake\Routing\Dispatcher::_invoke() - CORE/src/Routing/Dispatcher.php, line 120
Cake\Routing\Dispatcher::dispatch() - CORE/src/Routing/Dispatcher.php, line 87
[main] - ROOT/webroot/index.php, line 37



2015-05-07 16:13:36 Notice: Notice (8): Undefined variable: activities in [/home/raphaelvmiollo/projetosFaculdade/vaco/src/Template/Activities/listar.ctp, line 23]
Trace:
Cake\Error\BaseErrorHandler::handleError() - CORE/src/Error/BaseErrorHandler.php, line 138
include - APP/Template/Activities/listar.ctp, line 23
Cake\View\View::_evaluate() - CORE/src/View/View.php, line 815
Cake\View\View::_render() - CORE/src/View/View.php, line 775
Cake\View\View::render() - CORE/src/View/View.php, line 463
Cake\Controller\Controller::render() - CORE/src/Controller/Controller.php, line 583
Cake\Routing\Dispatcher::_invoke() - CORE/src/Routing/Dispatcher.php, line 120
Cake\Routing\Dispatcher::dispatch() - CORE/src/Routing/Dispatcher.php, line 87
[main] - ROOT/webroot/index.php, line 37



2015-05-07 16:13:36 Notice: Notice (8): Undefined index: pageCount in [/home/raphaelvmiollo/projetosFaculdade/vaco/vendor/cakephp/cakephp/src/View/Helper/PaginatorHelper.php, line 625]
Trace:
Cake\Error\BaseErrorHandler::handleError() - CORE/src/Error/BaseErrorHandler.php, line 138
Cake\View\Helper\PaginatorHelper::numbers() - CORE/src/View/Helper/PaginatorHelper.php, line 625
include - APP/Template/Activities/listar.ctp, line 45
Cake\View\View::_evaluate() - CORE/src/View/View.php, line 815
Cake\View\View::_render() - CORE/src/View/View.php, line 775
Cake\View\View::render() - CORE/src/View/View.php, line 463
Cake\Controller\Controller::render() - CORE/src/Controller/Controller.php, line 583
Cake\Routing\Dispatcher::_invoke() - CORE/src/Routing/Dispatcher.php, line 120
Cake\Routing\Dispatcher::dispatch() - CORE/src/Routing/Dispatcher.php, line 87
[main] - ROOT/webroot/index.php, line 37



2015-05-07 16:13:36 Notice: Notice (8): Undefined index: pageCount in [/home/raphaelvmiollo/projetosFaculdade/vaco/vendor/cakephp/cakephp/src/View/Helper/PaginatorHelper.php, line 548]
Trace:
Cake\Error\BaseErrorHandler::handleError() - CORE/src/Error/BaseErrorHandler.php, line 138
Cake\View\Helper\PaginatorHelper::counter() - CORE/src/View/Helper/PaginatorHelper.php, line 548
include - APP/Template/Activities/listar.ctp, line 48
Cake\View\View::_evaluate() - CORE/src/View/View.php, line 815
Cake\View\View::_render() - CORE/src/View/View.php, line 775
Cake\View\View::render() - CORE/src/View/View.php, line 463
Cake\Controller\Controller::render() - CORE/src/Controller/Controller.php, line 583
Cake\Routing\Dispatcher::_invoke() - CORE/src/Routing/Dispatcher.php, line 120
Cake\Routing\Dispatcher::dispatch() - CORE/src/Routing/Dispatcher.php, line 87
[main] - ROOT/webroot/index.php, line 37



2015-05-07 16:13:36 Notice: Notice (8): Undefined index: count in [/home/raphaelvmiollo/projetosFaculdade/vaco/vendor/cakephp/cakephp/src/View/Helper/PaginatorHelper.php, line 552]
Trace:
Cake\Error\BaseErrorHandler::handleError() - CORE/src/Error/BaseErrorHandler.php, line 138
Cake\View\Helper\PaginatorHelper::counter() - CORE/src/View/Helper/PaginatorHelper.php, line 552
include - APP/Template/Activities/listar.ctp, line 48
Cake\View\View::_evaluate() - CORE/src/View/View.php, line 815
Cake\View\View::_render() - CORE/src/View/View.php, line 775
Cake\View\View::render() - CORE/src/View/View.php, line 463
Cake\Controller\Controller::render() - CORE/src/Controller/Controller.php, line 583
Cake\Routing\Dispatcher::_invoke() - CORE/src/Routing/Dispatcher.php, line 120
Cake\Routing\Dispatcher::dispatch() - CORE/src/Routing/Dispatcher.php, line 87
[main] - ROOT/webroot/index.php, line 37



2015-05-07 16:13:36 Notice: Notice (8): Undefined index: perPage in [/home/raphaelvmiollo/projetosFaculdade/vaco/vendor/cakephp/cakephp/src/View/Helper/PaginatorHelper.php, line 555]
Trace:
Cake\Error\BaseErrorHandler::handleError() - CORE/src/Error/BaseErrorHandler.php, line 138
Cake\View\Helper\PaginatorHelper::counter() - CORE/src/View/Helper/PaginatorHelper.php, line 555
include - APP/Template/Activities/listar.ctp, line 48
Cake\View\View::_evaluate() - CORE/src/View/View.php, line 815
Cake\View\View::_render() - CORE/src/View/View.php, line 775
Cake\View\View::render() - CORE/src/View/View.php, line 463
Cake\Controller\Controller::render() - CORE/src/Controller/Controller.php, line 583
Cake\Routing\Dispatcher::_invoke() - CORE/src/Routing/Dispatcher.php, line 120
Cake\Routing\Dispatcher::dispatch() - CORE/src/Routing/Dispatcher.php, line 87
[main] - ROOT/webroot/index.php, line 37



2015-05-07 16:13:36 Notice: Notice (8): Undefined index: count in [/home/raphaelvmiollo/projetosFaculdade/vaco/vendor/cakephp/cakephp/src/View/Helper/PaginatorHelper.php, line 556]
Trace:
Cake\Error\BaseErrorHandler::handleError() - CORE/src/Error/BaseErrorHandler.php, line 138
Cake\View\Helper\PaginatorHelper::counter() - CORE/src/View/Helper/PaginatorHelper.php, line 556
include - APP/Template/Activities/listar.ctp, line 48
Cake\View\View::_evaluate() - CORE/src/View/View.php, line 815
Cake\View\View::_render() - CORE/src/View/View.php, line 775
Cake\View\View::render() - CORE/src/View/View.php, line 463
Cake\Controller\Controller::render() - CORE/src/Controller/Controller.php, line 583
Cake\Routing\Dispatcher::_invoke() - CORE/src/Routing/Dispatcher.php, line 120
Cake\Routing\Dispatcher::dispatch() - CORE/src/Routing/Dispatcher.php, line 87
[main] - ROOT/webroot/index.php, line 37



2015-05-07 16:13:36 Notice: Notice (8): Undefined index: count in [/home/raphaelvmiollo/projetosFaculdade/vaco/vendor/cakephp/cakephp/src/View/Helper/PaginatorHelper.php, line 557]
Trace:
Cake\Error\BaseErrorHandler::handleError() - CORE/src/Error/BaseErrorHandler.php, line 138
Cake\View\Helper\PaginatorHelper::counter() - CORE/src/View/Helper/PaginatorHelper.php, line 557
include - APP/Template/Activities/listar.ctp, line 48
Cake\View\View::_evaluate() - CORE/src/View/View.php, line 815
Cake\View\View::_render() - CORE/src/View/View.php, line 775
Cake\View\View::render() - CORE/src/View/View.php, line 463
Cake\Controller\Controller::render() - CORE/src/Controller/Controller.php, line 583
Cake\Routing\Dispatcher::_invoke() - CORE/src/Routing/Dispatcher.php, line 120
Cake\Routing\Dispatcher::dispatch() - CORE/src/Routing/Dispatcher.php, line 87
[main] - ROOT/webroot/index.php, line 37



2015-05-07 16:13:36 Notice: Notice (8): Undefined index: page in [/home/raphaelvmiollo/projetosFaculdade/vaco/vendor/cakephp/cakephp/src/View/Helper/PaginatorHelper.php, line 570]
Trace:
Cake\Error\BaseErrorHandler::handleError() - CORE/src/Error/BaseErrorHandler.php, line 138
Cake\View\Helper\PaginatorHelper::counter() - CORE/src/View/Helper/PaginatorHelper.php, line 570
include - APP/Template/Activities/listar.ctp, line 48
Cake\View\View::_evaluate() - CORE/src/View/View.php, line 815
Cake\View\View::_render() - CORE/src/View/View.php, line 775
Cake\View\View::render() - CORE/src/View/View.php, line 463
Cake\Controller\Controller::render() - CORE/src/Controller/Controller.php, line 583
Cake\Routing\Dispatcher::_invoke() - CORE/src/Routing/Dispatcher.php, line 120
Cake\Routing\Dispatcher::dispatch() - CORE/src/Routing/Dispatcher.php, line 87
[main] - ROOT/webroot/index.php, line 37



2015-05-07 16:13:36 Notice: Notice (8): Undefined index: current in [/home/raphaelvmiollo/projetosFaculdade/vaco/vendor/cakephp/cakephp/src/View/Helper/PaginatorHelper.php, line 572]
Trace:
Cake\Error\BaseErrorHandler::handleError() - CORE/src/Error/BaseErrorHandler.php, line 138
Cake\View\Helper\PaginatorHelper::counter() - CORE/src/View/Helper/PaginatorHelper.php, line 572
include - APP/Template/Activities/listar.ctp, line 48
Cake\View\View::_evaluate() - CORE/src/View/View.php, line 815
Cake\View\View::_render() - CORE/src/View/View.php, line 775
Cake\View\View::render() - CORE/src/View/View.php, line 463
Cake\Controller\Controller::render() - CORE/src/Controller/Controller.php, line 583
Cake\Routing\Dispatcher::_invoke() - CORE/src/Routing/Dispatcher.php, line 120
Cake\Routing\Dispatcher::dispatch() - CORE/src/Routing/Dispatcher.php, line 87
[main] - ROOT/webroot/index.php, line 37



2015-05-07 16:13:36 Notice: Notice (8): Undefined index: count in [/home/raphaelvmiollo/projetosFaculdade/vaco/vendor/cakephp/cakephp/src/View/Helper/PaginatorHelper.php, line 573]
Trace:
Cake\Error\BaseErrorHandler::handleError() - CORE/src/Error/BaseErrorHandler.php, line 138
Cake\View\Helper\PaginatorHelper::counter() - CORE/src/View/Helper/PaginatorHelper.php, line 573
include - APP/Template/Activities/listar.ctp, line 48
Cake\View\View::_evaluate() - CORE/src/View/View.php, line 815
Cake\View\View::_render() - CORE/src/View/View.php, line 775
Cake\View\View::render() - CORE/src/View/View.php, line 463
Cake\Controller\Controller::render() - CORE/src/Controller/Controller.php, line 583
Cake\Routing\Dispatcher::_invoke() - CORE/src/Routing/Dispatcher.php, line 120
Cake\Routing\Dispatcher::dispatch() - CORE/src/Routing/Dispatcher.php, line 87
[main] - ROOT/webroot/index.php, line 37



2015-05-07 16:23:52 Notice: Notice (8): Undefined variable: id in [/home/raphaelvmiollo/projetosFaculdade/vaco/src/Controller/ActivitiesController.php, line 131]
Trace:
Cake\Error\BaseErrorHandler::handleError() - CORE/src/Error/BaseErrorHandler.php, line 138
App\Controller\ActivitiesController::editcolegiado() - APP/Controller/ActivitiesController.php, line 131
Cake\Controller\Controller::invokeAction() - CORE/src/Controller/Controller.php, line 412
Cake\Routing\Dispatcher::_invoke() - CORE/src/Routing/Dispatcher.php, line 114
Cake\Routing\Dispatcher::dispatch() - CORE/src/Routing/Dispatcher.php, line 87
[main] - ROOT/webroot/index.php, line 37



2015-05-07 16:24:47 Notice: Notice (8): Undefined variable: id in [/home/raphaelvmiollo/projetosFaculdade/vaco/src/Controller/ActivitiesController.php, line 131]
Trace:
Cake\Error\BaseErrorHandler::handleError() - CORE/src/Error/BaseErrorHandler.php, line 138
App\Controller\ActivitiesController::editcolegiado() - APP/Controller/ActivitiesController.php, line 131
Cake\Controller\Controller::invokeAction() - CORE/src/Controller/Controller.php, line 412
Cake\Routing\Dispatcher::_invoke() - CORE/src/Routing/Dispatcher.php, line 114
Cake\Routing\Dispatcher::dispatch() - CORE/src/Routing/Dispatcher.php, line 87
[main] - ROOT/webroot/index.php, line 37



